
==========================================================================
floorplan final report_tns
--------------------------------------------------------------------------
tns max 0.00

==========================================================================
floorplan final report_wns
--------------------------------------------------------------------------
wns max 0.00

==========================================================================
floorplan final report_worst_slack
--------------------------------------------------------------------------
worst slack max 0.76

==========================================================================
floorplan final report_clock_min_period
--------------------------------------------------------------------------
clk period_min = 9.24 fmax = 108.24

==========================================================================
floorplan final report_checks -path_delay min
--------------------------------------------------------------------------
Startpoint: stage3_in_r[177]$_DFF_PN0_
            (rising edge-triggered flip-flop clocked by clk)
Endpoint: out_flat[176]$_DFF_PN0_
          (rising edge-triggered flip-flop clocked by clk)
Path Group: clk
Path Type: min

Fanout     Cap    Slew   Delay    Time   Description
-----------------------------------------------------------------------------
                  0.00    0.00    0.00   clock clk (rise edge)
                          0.00    0.00   clock network delay (ideal)
                  0.00    0.00    0.00 ^ stage3_in_r[177]$_DFF_PN0_/CLK (sky130_fd_sc_hd__dfrtp_1)
     1    0.00    0.04    0.29    0.29 ^ stage3_in_r[177]$_DFF_PN0_/Q (sky130_fd_sc_hd__dfrtp_1)
                                         stage3_in_r[177] (net)
                  0.04    0.00    0.29 ^ out_flat[176]$_DFF_PN0_/D (sky130_fd_sc_hd__dfrtp_1)
                                  0.29   data arrival time

                  0.00    0.00    0.00   clock clk (rise edge)
                          0.00    0.00   clock network delay (ideal)
                          0.00    0.00   clock reconvergence pessimism
                                  0.00 ^ out_flat[176]$_DFF_PN0_/CLK (sky130_fd_sc_hd__dfrtp_1)
                         -0.04   -0.04   library hold time
                                 -0.04   data required time
-----------------------------------------------------------------------------
                                 -0.04   data required time
                                 -0.29   data arrival time
-----------------------------------------------------------------------------
                                  0.33   slack (MET)



==========================================================================
floorplan final report_checks -path_delay max
--------------------------------------------------------------------------
Startpoint: stage3_in_r[95]$_DFF_PN0_
            (rising edge-triggered flip-flop clocked by clk)
Endpoint: out_flat[30]$_DFF_PN0_
          (rising edge-triggered flip-flop clocked by clk)
Path Group: clk
Path Type: max

Fanout     Cap    Slew   Delay    Time   Description
-----------------------------------------------------------------------------
                  0.00    0.00    0.00   clock clk (rise edge)
                          0.00    0.00   clock network delay (ideal)
                  0.00    0.00    0.00 ^ stage3_in_r[95]$_DFF_PN0_/CLK (sky130_fd_sc_hd__dfrtp_1)
    32    0.12    1.00    0.99    0.99 ^ stage3_in_r[95]$_DFF_PN0_/Q (sky130_fd_sc_hd__dfrtp_1)
                                         stage3_in_r[30] (net)
                  1.00    0.00    0.99 ^ _06052_/A (sky130_fd_sc_hd__clkbuf_1)
     7    0.02    0.28    0.32    1.30 ^ _06052_/X (sky130_fd_sc_hd__clkbuf_1)
                                         _02887_ (net)
                  0.28    0.00    1.30 ^ _06053_/A (sky130_fd_sc_hd__clkinv_1)
    19    0.08    0.63    0.60    1.90 v _06053_/Y (sky130_fd_sc_hd__clkinv_1)
                                         _00044_ (net)
                  0.63    0.00    1.90 v _09823_/CIN (sky130_fd_sc_hd__fa_1)
     1    0.00    0.07    0.73    2.63 ^ _09823_/SUM (sky130_fd_sc_hd__fa_1)
                                         _00311_ (net)
                  0.07    0.00    2.63 ^ _06221_/A (sky130_fd_sc_hd__xor2_1)
     2    0.01    0.18    0.18    2.81 ^ _06221_/X (sky130_fd_sc_hd__xor2_1)
                                         _03019_ (net)
                  0.18    0.00    2.81 ^ _06222_/B (sky130_fd_sc_hd__xnor2_1)
     1    0.00    0.08    0.09    2.90 v _06222_/Y (sky130_fd_sc_hd__xnor2_1)
                                         _01300_ (net)
                  0.08    0.00    2.90 v _10271_/B (sky130_fd_sc_hd__ha_1)
     1    0.00    0.04    0.28    3.18 ^ _10271_/SUM (sky130_fd_sc_hd__ha_1)
                                         _01302_ (net)
                  0.04    0.00    3.18 ^ _07977_/A (sky130_fd_sc_hd__inv_1)
     1    0.01    0.04    0.05    3.22 v _07977_/Y (sky130_fd_sc_hd__inv_1)
                                         _00312_ (net)
                  0.04    0.00    3.22 v _09825_/A (sky130_fd_sc_hd__fa_1)
     1    0.00    0.07    0.54    3.76 ^ _09825_/SUM (sky130_fd_sc_hd__fa_1)
                                         _05078_ (net)
                  0.07    0.00    3.76 ^ _09826_/CIN (sky130_fd_sc_hd__fa_1)
     1    0.00    0.09    0.42    4.18 v _09826_/SUM (sky130_fd_sc_hd__fa_1)
                                         _05080_ (net)
                  0.09    0.00    4.18 v _09827_/CIN (sky130_fd_sc_hd__fa_1)
     1    0.00    0.05    0.48    4.66 ^ _09827_/SUM (sky130_fd_sc_hd__fa_1)
                                         _00318_ (net)
                  0.05    0.00    4.66 ^ _07759_/A (sky130_fd_sc_hd__inv_1)
     1    0.00    0.02    0.04    4.70 v _07759_/Y (sky130_fd_sc_hd__inv_1)
                                         _01306_ (net)
                  0.02    0.00    4.70 v _10273_/B (sky130_fd_sc_hd__ha_1)
     4    0.01    0.07    0.19    4.89 v _10273_/COUT (sky130_fd_sc_hd__ha_1)
                                         _01307_ (net)
                  0.07    0.00    4.89 v _06274_/B (sky130_fd_sc_hd__or4_1)
     2    0.00    0.09    0.51    5.41 v _06274_/X (sky130_fd_sc_hd__or4_1)
                                         _03052_ (net)
                  0.09    0.00    5.41 v _06328_/A1 (sky130_fd_sc_hd__a21oi_1)
     1    0.00    0.14    0.16    5.57 ^ _06328_/Y (sky130_fd_sc_hd__a21oi_1)
                                         _03084_ (net)
                  0.14    0.00    5.57 ^ _06329_/B1 (sky130_fd_sc_hd__o31ai_2)
     2    0.01    0.10    0.11    5.68 v _06329_/Y (sky130_fd_sc_hd__o31ai_2)
                                         _03085_ (net)
                  0.10    0.00    5.68 v _06371_/A2 (sky130_fd_sc_hd__a2111oi_4)
     3    0.01    0.31    0.41    6.09 ^ _06371_/Y (sky130_fd_sc_hd__a2111oi_4)
                                         _03111_ (net)
                  0.31    0.00    6.09 ^ _06372_/B (sky130_fd_sc_hd__nor2_2)
     1    0.02    0.09    0.11    6.20 v _06372_/Y (sky130_fd_sc_hd__nor2_2)
                                         _03112_ (net)
                  0.09    0.00    6.20 v _06373_/B (sky130_fd_sc_hd__xnor2_4)
     7    0.02    0.23    0.23    6.42 ^ _06373_/Y (sky130_fd_sc_hd__xnor2_4)
                                         _01720_ (net)
                  0.23    0.00    6.42 ^ _06374_/B (sky130_fd_sc_hd__xor2_1)
     3    0.01    0.22    0.24    6.67 ^ _06374_/X (sky130_fd_sc_hd__xor2_1)
                                         _03113_ (net)
                  0.22    0.00    6.67 ^ _06385_/B (sky130_fd_sc_hd__and2_1)
     2    0.01    0.09    0.19    6.86 ^ _06385_/X (sky130_fd_sc_hd__and2_1)
                                         _03119_ (net)
                  0.09    0.00    6.86 ^ _06387_/B (sky130_fd_sc_hd__nand2_1)
     3    0.01    0.07    0.09    6.95 v _06387_/Y (sky130_fd_sc_hd__nand2_1)
                                         _03121_ (net)
                  0.07    0.00    6.95 v _06428_/A3 (sky130_fd_sc_hd__a311oi_2)
     2    0.01    0.24    0.31    7.25 ^ _06428_/Y (sky130_fd_sc_hd__a311oi_2)
                                         _03152_ (net)
                  0.24    0.00    7.25 ^ _06430_/A (sky130_fd_sc_hd__or2_1)
     3    0.01    0.13    0.20    7.45 ^ _06430_/X (sky130_fd_sc_hd__or2_1)
                                         _03154_ (net)
                  0.13    0.00    7.45 ^ _06450_/A1 (sky130_fd_sc_hd__a21oi_1)
     2    0.01    0.08    0.11    7.57 v _06450_/Y (sky130_fd_sc_hd__a21oi_1)
                                         _03168_ (net)
                  0.08    0.00    7.57 v _07807_/A (sky130_fd_sc_hd__xnor2_1)
     1    0.00    0.06    0.14    7.70 v _07807_/Y (sky130_fd_sc_hd__xnor2_1)
                                         _01574_ (net)
                  0.06    0.00    7.70 v _10390_/B (sky130_fd_sc_hd__ha_1)
     1    0.00    0.04    0.27    7.97 ^ _10390_/SUM (sky130_fd_sc_hd__ha_1)
                                         _01576_ (net)
                  0.04    0.00    7.97 ^ _09537_/A (sky130_fd_sc_hd__buf_1)
     7    0.02    0.26    0.23    8.20 ^ _09537_/X (sky130_fd_sc_hd__buf_1)
                                         _04794_ (net)
                  0.26    0.00    8.20 ^ _09542_/A (sky130_fd_sc_hd__inv_1)
     3    0.01    0.08    0.10    8.30 v _09542_/Y (sky130_fd_sc_hd__inv_1)
                                         _04798_ (net)
                  0.08    0.00    8.30 v _09544_/A2 (sky130_fd_sc_hd__a221o_1)
     3    0.01    0.08    0.39    8.68 v _09544_/X (sky130_fd_sc_hd__a221o_1)
                                         _04800_ (net)
                  0.08    0.00    8.68 v _09554_/D (sky130_fd_sc_hd__or4_1)
     1    0.00    0.08    0.40    9.08 v _09554_/X (sky130_fd_sc_hd__or4_1)
                                         _04808_ (net)
                  0.08    0.00    9.08 v _09559_/B (sky130_fd_sc_hd__nand4_1)
     1    0.00    0.06    0.09    9.17 ^ _09559_/Y (sky130_fd_sc_hd__nand4_1)
                                         stage3_out[30] (net)
                  0.06    0.00    9.17 ^ out_flat[30]$_DFF_PN0_/D (sky130_fd_sc_hd__dfrtp_1)
                                  9.17   data arrival time

                  0.00   10.00   10.00   clock clk (rise edge)
                          0.00   10.00   clock network delay (ideal)
                          0.00   10.00   clock reconvergence pessimism
                                 10.00 ^ out_flat[30]$_DFF_PN0_/CLK (sky130_fd_sc_hd__dfrtp_1)
                         -0.07    9.93   library setup time
                                  9.93   data required time
-----------------------------------------------------------------------------
                                  9.93   data required time
                                 -9.17   data arrival time
-----------------------------------------------------------------------------
                                  0.76   slack (MET)



==========================================================================
floorplan final report_checks -unconstrained
--------------------------------------------------------------------------
Startpoint: stage3_in_r[95]$_DFF_PN0_
            (rising edge-triggered flip-flop clocked by clk)
Endpoint: out_flat[30]$_DFF_PN0_
          (rising edge-triggered flip-flop clocked by clk)
Path Group: clk
Path Type: max

Fanout     Cap    Slew   Delay    Time   Description
-----------------------------------------------------------------------------
                  0.00    0.00    0.00   clock clk (rise edge)
                          0.00    0.00   clock network delay (ideal)
                  0.00    0.00    0.00 ^ stage3_in_r[95]$_DFF_PN0_/CLK (sky130_fd_sc_hd__dfrtp_1)
    32    0.12    1.00    0.99    0.99 ^ stage3_in_r[95]$_DFF_PN0_/Q (sky130_fd_sc_hd__dfrtp_1)
                                         stage3_in_r[30] (net)
                  1.00    0.00    0.99 ^ _06052_/A (sky130_fd_sc_hd__clkbuf_1)
     7    0.02    0.28    0.32    1.30 ^ _06052_/X (sky130_fd_sc_hd__clkbuf_1)
                                         _02887_ (net)
                  0.28    0.00    1.30 ^ _06053_/A (sky130_fd_sc_hd__clkinv_1)
    19    0.08    0.63    0.60    1.90 v _06053_/Y (sky130_fd_sc_hd__clkinv_1)
                                         _00044_ (net)
                  0.63    0.00    1.90 v _09823_/CIN (sky130_fd_sc_hd__fa_1)
     1    0.00    0.07    0.73    2.63 ^ _09823_/SUM (sky130_fd_sc_hd__fa_1)
                                         _00311_ (net)
                  0.07    0.00    2.63 ^ _06221_/A (sky130_fd_sc_hd__xor2_1)
     2    0.01    0.18    0.18    2.81 ^ _06221_/X (sky130_fd_sc_hd__xor2_1)
                                         _03019_ (net)
                  0.18    0.00    2.81 ^ _06222_/B (sky130_fd_sc_hd__xnor2_1)
     1    0.00    0.08    0.09    2.90 v _06222_/Y (sky130_fd_sc_hd__xnor2_1)
                                         _01300_ (net)
                  0.08    0.00    2.90 v _10271_/B (sky130_fd_sc_hd__ha_1)
     1    0.00    0.04    0.28    3.18 ^ _10271_/SUM (sky130_fd_sc_hd__ha_1)
                                         _01302_ (net)
                  0.04    0.00    3.18 ^ _07977_/A (sky130_fd_sc_hd__inv_1)
     1    0.01    0.04    0.05    3.22 v _07977_/Y (sky130_fd_sc_hd__inv_1)
                                         _00312_ (net)
                  0.04    0.00    3.22 v _09825_/A (sky130_fd_sc_hd__fa_1)
     1    0.00    0.07    0.54    3.76 ^ _09825_/SUM (sky130_fd_sc_hd__fa_1)
                                         _05078_ (net)
                  0.07    0.00    3.76 ^ _09826_/CIN (sky130_fd_sc_hd__fa_1)
     1    0.00    0.09    0.42    4.18 v _09826_/SUM (sky130_fd_sc_hd__fa_1)
                                         _05080_ (net)
                  0.09    0.00    4.18 v _09827_/CIN (sky130_fd_sc_hd__fa_1)
     1    0.00    0.05    0.48    4.66 ^ _09827_/SUM (sky130_fd_sc_hd__fa_1)
                                         _00318_ (net)
                  0.05    0.00    4.66 ^ _07759_/A (sky130_fd_sc_hd__inv_1)
     1    0.00    0.02    0.04    4.70 v _07759_/Y (sky130_fd_sc_hd__inv_1)
                                         _01306_ (net)
                  0.02    0.00    4.70 v _10273_/B (sky130_fd_sc_hd__ha_1)
     4    0.01    0.07    0.19    4.89 v _10273_/COUT (sky130_fd_sc_hd__ha_1)
                                         _01307_ (net)
                  0.07    0.00    4.89 v _06274_/B (sky130_fd_sc_hd__or4_1)
     2    0.00    0.09    0.51    5.41 v _06274_/X (sky130_fd_sc_hd__or4_1)
                                         _03052_ (net)
                  0.09    0.00    5.41 v _06328_/A1 (sky130_fd_sc_hd__a21oi_1)
     1    0.00    0.14    0.16    5.57 ^ _06328_/Y (sky130_fd_sc_hd__a21oi_1)
                                         _03084_ (net)
                  0.14    0.00    5.57 ^ _06329_/B1 (sky130_fd_sc_hd__o31ai_2)
     2    0.01    0.10    0.11    5.68 v _06329_/Y (sky130_fd_sc_hd__o31ai_2)
                                         _03085_ (net)
                  0.10    0.00    5.68 v _06371_/A2 (sky130_fd_sc_hd__a2111oi_4)
     3    0.01    0.31    0.41    6.09 ^ _06371_/Y (sky130_fd_sc_hd__a2111oi_4)
                                         _03111_ (net)
                  0.31    0.00    6.09 ^ _06372_/B (sky130_fd_sc_hd__nor2_2)
     1    0.02    0.09    0.11    6.20 v _06372_/Y (sky130_fd_sc_hd__nor2_2)
                                         _03112_ (net)
                  0.09    0.00    6.20 v _06373_/B (sky130_fd_sc_hd__xnor2_4)
     7    0.02    0.23    0.23    6.42 ^ _06373_/Y (sky130_fd_sc_hd__xnor2_4)
                                         _01720_ (net)
                  0.23    0.00    6.42 ^ _06374_/B (sky130_fd_sc_hd__xor2_1)
     3    0.01    0.22    0.24    6.67 ^ _06374_/X (sky130_fd_sc_hd__xor2_1)
                                         _03113_ (net)
                  0.22    0.00    6.67 ^ _06385_/B (sky130_fd_sc_hd__and2_1)
     2    0.01    0.09    0.19    6.86 ^ _06385_/X (sky130_fd_sc_hd__and2_1)
                                         _03119_ (net)
                  0.09    0.00    6.86 ^ _06387_/B (sky130_fd_sc_hd__nand2_1)
     3    0.01    0.07    0.09    6.95 v _06387_/Y (sky130_fd_sc_hd__nand2_1)
                                         _03121_ (net)
                  0.07    0.00    6.95 v _06428_/A3 (sky130_fd_sc_hd__a311oi_2)
     2    0.01    0.24    0.31    7.25 ^ _06428_/Y (sky130_fd_sc_hd__a311oi_2)
                                         _03152_ (net)
                  0.24    0.00    7.25 ^ _06430_/A (sky130_fd_sc_hd__or2_1)
     3    0.01    0.13    0.20    7.45 ^ _06430_/X (sky130_fd_sc_hd__or2_1)
                                         _03154_ (net)
                  0.13    0.00    7.45 ^ _06450_/A1 (sky130_fd_sc_hd__a21oi_1)
     2    0.01    0.08    0.11    7.57 v _06450_/Y (sky130_fd_sc_hd__a21oi_1)
                                         _03168_ (net)
                  0.08    0.00    7.57 v _07807_/A (sky130_fd_sc_hd__xnor2_1)
     1    0.00    0.06    0.14    7.70 v _07807_/Y (sky130_fd_sc_hd__xnor2_1)
                                         _01574_ (net)
                  0.06    0.00    7.70 v _10390_/B (sky130_fd_sc_hd__ha_1)
     1    0.00    0.04    0.27    7.97 ^ _10390_/SUM (sky130_fd_sc_hd__ha_1)
                                         _01576_ (net)
                  0.04    0.00    7.97 ^ _09537_/A (sky130_fd_sc_hd__buf_1)
     7    0.02    0.26    0.23    8.20 ^ _09537_/X (sky130_fd_sc_hd__buf_1)
                                         _04794_ (net)
                  0.26    0.00    8.20 ^ _09542_/A (sky130_fd_sc_hd__inv_1)
     3    0.01    0.08    0.10    8.30 v _09542_/Y (sky130_fd_sc_hd__inv_1)
                                         _04798_ (net)
                  0.08    0.00    8.30 v _09544_/A2 (sky130_fd_sc_hd__a221o_1)
     3    0.01    0.08    0.39    8.68 v _09544_/X (sky130_fd_sc_hd__a221o_1)
                                         _04800_ (net)
                  0.08    0.00    8.68 v _09554_/D (sky130_fd_sc_hd__or4_1)
     1    0.00    0.08    0.40    9.08 v _09554_/X (sky130_fd_sc_hd__or4_1)
                                         _04808_ (net)
                  0.08    0.00    9.08 v _09559_/B (sky130_fd_sc_hd__nand4_1)
     1    0.00    0.06    0.09    9.17 ^ _09559_/Y (sky130_fd_sc_hd__nand4_1)
                                         stage3_out[30] (net)
                  0.06    0.00    9.17 ^ out_flat[30]$_DFF_PN0_/D (sky130_fd_sc_hd__dfrtp_1)
                                  9.17   data arrival time

                  0.00   10.00   10.00   clock clk (rise edge)
                          0.00   10.00   clock network delay (ideal)
                          0.00   10.00   clock reconvergence pessimism
                                 10.00 ^ out_flat[30]$_DFF_PN0_/CLK (sky130_fd_sc_hd__dfrtp_1)
                         -0.07    9.93   library setup time
                                  9.93   data required time
-----------------------------------------------------------------------------
                                  9.93   data required time
                                 -9.17   data arrival time
-----------------------------------------------------------------------------
                                  0.76   slack (MET)



==========================================================================
floorplan final report_power
--------------------------------------------------------------------------
Group                  Internal  Switching    Leakage      Total
                          Power      Power      Power      Power (Watts)
----------------------------------------------------------------
Sequential             8.35e-03   2.72e-04   7.23e-09   8.62e-03   3.9%
Combinational          1.07e-01   1.04e-01   2.29e-08   2.11e-01  96.1%
Clock                  0.00e+00   0.00e+00   0.00e+00   0.00e+00   0.0%
Macro                  0.00e+00   0.00e+00   0.00e+00   0.00e+00   0.0%
Pad                    0.00e+00   0.00e+00   0.00e+00   0.00e+00   0.0%
----------------------------------------------------------------
Total                  1.16e-01   1.04e-01   3.01e-08   2.20e-01 100.0%
                          52.6%      47.4%       0.0%
