
==========================================================================
detailed place report_tns
--------------------------------------------------------------------------
tns max 0.00

==========================================================================
detailed place report_wns
--------------------------------------------------------------------------
wns max 0.00

==========================================================================
detailed place report_worst_slack
--------------------------------------------------------------------------
worst slack max 0.35

==========================================================================
detailed place report_clock_min_period
--------------------------------------------------------------------------
clk period_min = 9.65 fmax = 103.60

==========================================================================
detailed place report_checks -path_delay min
--------------------------------------------------------------------------
Startpoint: stage3_in_r[178]$_DFF_PN0_
            (rising edge-triggered flip-flop clocked by clk)
Endpoint: out_flat[177]$_DFF_PN0_
          (rising edge-triggered flip-flop clocked by clk)
Path Group: clk
Path Type: min

Fanout     Cap    Slew   Delay    Time   Description
-----------------------------------------------------------------------------
                  0.00    0.00    0.00   clock clk (rise edge)
                          0.00    0.00   clock network delay (ideal)
                  0.00    0.00    0.00 ^ stage3_in_r[178]$_DFF_PN0_/CLK (sky130_fd_sc_hd__dfrtp_1)
     1    0.00    0.04    0.29    0.29 ^ stage3_in_r[178]$_DFF_PN0_/Q (sky130_fd_sc_hd__dfrtp_1)
                                         stage3_in_r[178] (net)
                  0.04    0.00    0.29 ^ out_flat[177]$_DFF_PN0_/D (sky130_fd_sc_hd__dfrtp_1)
                                  0.29   data arrival time

                  0.00    0.00    0.00   clock clk (rise edge)
                          0.00    0.00   clock network delay (ideal)
                          0.00    0.00   clock reconvergence pessimism
                                  0.00 ^ out_flat[177]$_DFF_PN0_/CLK (sky130_fd_sc_hd__dfrtp_1)
                         -0.04   -0.04   library hold time
                                 -0.04   data required time
-----------------------------------------------------------------------------
                                 -0.04   data required time
                                 -0.29   data arrival time
-----------------------------------------------------------------------------
                                  0.33   slack (MET)



==========================================================================
detailed place report_checks -path_delay max
--------------------------------------------------------------------------
Startpoint: stage3_in_r[86]$_DFF_PN0_
            (rising edge-triggered flip-flop clocked by clk)
Endpoint: out_flat[207]$_DFF_PN0_
          (rising edge-triggered flip-flop clocked by clk)
Path Group: clk
Path Type: max

Fanout     Cap    Slew   Delay    Time   Description
-----------------------------------------------------------------------------
                  0.00    0.00    0.00   clock clk (rise edge)
                          0.00    0.00   clock network delay (ideal)
                  0.00    0.00    0.00 ^ stage3_in_r[86]$_DFF_PN0_/CLK (sky130_fd_sc_hd__dfrtp_1)
     2    0.01    0.05    0.35    0.35 v stage3_in_r[86]$_DFF_PN0_/Q (sky130_fd_sc_hd__dfrtp_1)
                                         stage3_in_r[22] (net)
                  0.05    0.00    0.35 v _07494_/A (sky130_fd_sc_hd__inv_1)
     5    0.04    0.29    0.23    0.58 ^ _07494_/Y (sky130_fd_sc_hd__inv_1)
                                         _00034_ (net)
                  0.29    0.00    0.58 ^ _09724_/B (sky130_fd_sc_hd__fa_1)
     2    0.02    0.13    0.53    1.12 v _09724_/SUM (sky130_fd_sc_hd__fa_1)
                                         _04942_ (net)
                  0.13    0.00    1.12 v _09728_/B (sky130_fd_sc_hd__fa_1)
     1    0.00    0.06    0.53    1.65 ^ _09728_/SUM (sky130_fd_sc_hd__fa_1)
                                         _00081_ (net)
                  0.06    0.00    1.65 ^ _07722_/A (sky130_fd_sc_hd__inv_1)
     1    0.00    0.03    0.04    1.70 v _07722_/Y (sky130_fd_sc_hd__inv_1)
                                         _01154_ (net)
                  0.03    0.00    1.70 v _10157_/B (sky130_fd_sc_hd__ha_1)
     1    0.00    0.04    0.26    1.95 ^ _10157_/SUM (sky130_fd_sc_hd__ha_1)
                                         _01155_ (net)
                  0.04    0.00    1.95 ^ _07058_/A (sky130_fd_sc_hd__inv_1)
     1    0.01    0.04    0.05    2.00 v _07058_/Y (sky130_fd_sc_hd__inv_1)
                                         _00086_ (net)
                  0.04    0.00    2.00 v _09732_/A (sky130_fd_sc_hd__fa_1)
     1    0.00    0.06    0.53    2.53 ^ _09732_/SUM (sky130_fd_sc_hd__fa_1)
                                         _00088_ (net)
                  0.06    0.00    2.53 ^ _07726_/A (sky130_fd_sc_hd__inv_1)
     1    0.00    0.03    0.05    2.58 v _07726_/Y (sky130_fd_sc_hd__inv_1)
                                         _00099_ (net)
                  0.03    0.00    2.58 v _09736_/CIN (sky130_fd_sc_hd__fa_1)
     1    0.00    0.05    0.47    3.05 ^ _09736_/SUM (sky130_fd_sc_hd__fa_1)
                                         _00101_ (net)
                  0.05    0.00    3.05 ^ _07165_/A (sky130_fd_sc_hd__inv_1)
     1    0.01    0.04    0.05    3.10 v _07165_/Y (sky130_fd_sc_hd__inv_1)
                                         _00107_ (net)
                  0.04    0.00    3.10 v _09739_/CIN (sky130_fd_sc_hd__fa_1)
     1    0.00    0.06    0.47    3.57 ^ _09739_/SUM (sky130_fd_sc_hd__fa_1)
                                         _00109_ (net)
                  0.06    0.00    3.57 ^ _07731_/A (sky130_fd_sc_hd__inv_1)
     1    0.00    0.02    0.04    3.61 v _07731_/Y (sky130_fd_sc_hd__inv_1)
                                         _01179_ (net)
                  0.02    0.00    3.61 v _10175_/B (sky130_fd_sc_hd__ha_1)
     6    0.02    0.13    0.35    3.96 v _10175_/SUM (sky130_fd_sc_hd__ha_1)
                                         _01181_ (net)
                  0.13    0.00    3.96 v _06081_/A1 (sky130_fd_sc_hd__o21ai_0)
     1    0.00    0.14    0.19    4.15 ^ _06081_/Y (sky130_fd_sc_hd__o21ai_0)
                                         _02912_ (net)
                  0.14    0.00    4.15 ^ _06082_/B (sky130_fd_sc_hd__nand2b_1)
     2    0.01    0.06    0.09    4.24 v _06082_/Y (sky130_fd_sc_hd__nand2b_1)
                                         _02913_ (net)
                  0.06    0.00    4.24 v _06083_/B (sky130_fd_sc_hd__nand2b_1)
     3    0.02    0.19    0.17    4.41 ^ _06083_/Y (sky130_fd_sc_hd__nand2b_1)
                                         _02914_ (net)
                  0.19    0.00    4.42 ^ _07819_/B (sky130_fd_sc_hd__xnor2_1)
     3    0.02    0.14    0.17    4.59 v _07819_/Y (sky130_fd_sc_hd__xnor2_1)
                                         _01607_ (net)
                  0.14    0.00    4.59 v _10523_/B (sky130_fd_sc_hd__ha_1)
     2    0.01    0.06    0.24    4.82 v _10523_/COUT (sky130_fd_sc_hd__ha_1)
                                         _01856_ (net)
                  0.06    0.00    4.82 v _06611_/C1 (sky130_fd_sc_hd__a211oi_1)
     1    0.00    0.17    0.16    4.99 ^ _06611_/Y (sky130_fd_sc_hd__a211oi_1)
                                         _03286_ (net)
                  0.17    0.00    4.99 ^ _06612_/B1 (sky130_fd_sc_hd__o21ai_0)
     2    0.01    0.11    0.15    5.14 v _06612_/Y (sky130_fd_sc_hd__o21ai_0)
                                         _03287_ (net)
                  0.11    0.00    5.14 v _06617_/C1 (sky130_fd_sc_hd__a2111oi_0)
     1    0.00    0.40    0.39    5.53 ^ _06617_/Y (sky130_fd_sc_hd__a2111oi_0)
                                         _03292_ (net)
                  0.40    0.00    5.53 ^ _06621_/A2 (sky130_fd_sc_hd__a21oi_1)
     2    0.01    0.11    0.16    5.69 v _06621_/Y (sky130_fd_sc_hd__a21oi_1)
                                         _03296_ (net)
                  0.11    0.00    5.69 v _06629_/A3 (sky130_fd_sc_hd__a31o_1)
     3    0.01    0.06    0.26    5.96 v _06629_/X (sky130_fd_sc_hd__a31o_1)
                                         _03304_ (net)
                  0.06    0.00    5.96 v _06630_/A3 (sky130_fd_sc_hd__a31o_2)
     4    0.03    0.09    0.31    6.27 v _06630_/X (sky130_fd_sc_hd__a31o_2)
                                         _03305_ (net)
                  0.09    0.00    6.27 v _06643_/A1 (sky130_fd_sc_hd__a21o_1)
     2    0.01    0.06    0.19    6.46 v _06643_/X (sky130_fd_sc_hd__a21o_1)
                                         _03314_ (net)
                  0.06    0.00    6.46 v _06659_/B (sky130_fd_sc_hd__maj3_1)
     1    0.00    0.07    0.34    6.80 v _06659_/X (sky130_fd_sc_hd__maj3_1)
                                         _03327_ (net)
                  0.07    0.00    6.80 v _06672_/A (sky130_fd_sc_hd__xor2_1)
     2    0.01    0.08    0.19    6.99 v _06672_/X (sky130_fd_sc_hd__xor2_1)
                                         _01977_ (net)
                  0.08    0.00    6.99 v _10609_/B (sky130_fd_sc_hd__ha_1)
     2    0.01    0.07    0.30    7.29 ^ _10609_/SUM (sky130_fd_sc_hd__ha_1)
                                         _01979_ (net)
                  0.07    0.00    7.29 ^ _09200_/B1 (sky130_fd_sc_hd__o21ai_0)
     2    0.01    0.09    0.11    7.40 v _09200_/Y (sky130_fd_sc_hd__o21ai_0)
                                         _04534_ (net)
                  0.09    0.00    7.40 v _09201_/A2 (sky130_fd_sc_hd__a21oi_1)
     2    0.01    0.18    0.21    7.61 ^ _09201_/Y (sky130_fd_sc_hd__a21oi_1)
                                         _04535_ (net)
                  0.18    0.00    7.61 ^ _09202_/A2 (sky130_fd_sc_hd__o21ai_0)
     2    0.01    0.12    0.14    7.74 v _09202_/Y (sky130_fd_sc_hd__o21ai_0)
                                         _04536_ (net)
                  0.12    0.00    7.75 v _09203_/A2 (sky130_fd_sc_hd__a21oi_1)
     2    0.01    0.17    0.21    7.96 ^ _09203_/Y (sky130_fd_sc_hd__a21oi_1)
                                         _04537_ (net)
                  0.17    0.00    7.96 ^ _09204_/A2 (sky130_fd_sc_hd__o21ai_0)
     2    0.01    0.12    0.13    8.09 v _09204_/Y (sky130_fd_sc_hd__o21ai_0)
                                         _04538_ (net)
                  0.12    0.00    8.09 v _09205_/A2 (sky130_fd_sc_hd__a21oi_1)
     2    0.01    0.15    0.21    8.30 ^ _09205_/Y (sky130_fd_sc_hd__a21oi_1)
                                         _04539_ (net)
                  0.15    0.00    8.30 ^ _09206_/A2 (sky130_fd_sc_hd__o21ai_0)
     2    0.01    0.13    0.14    8.44 v _09206_/Y (sky130_fd_sc_hd__o21ai_0)
                                         _04540_ (net)
                  0.13    0.00    8.44 v _09207_/A2 (sky130_fd_sc_hd__a21oi_1)
     2    0.01    0.15    0.20    8.64 ^ _09207_/Y (sky130_fd_sc_hd__a21oi_1)
                                         _04541_ (net)
                  0.15    0.00    8.64 ^ _09224_/A2 (sky130_fd_sc_hd__o21ai_0)
     2    0.00    0.11    0.11    8.76 v _09224_/Y (sky130_fd_sc_hd__o21ai_0)
                                         _04556_ (net)
                  0.11    0.00    8.76 v _09225_/A2 (sky130_fd_sc_hd__a21oi_1)
     2    0.01    0.18    0.22    8.98 ^ _09225_/Y (sky130_fd_sc_hd__a21oi_1)
                                         _04557_ (net)
                  0.18    0.00    8.98 ^ _09232_/A2 (sky130_fd_sc_hd__o21a_1)
     1    0.00    0.05    0.14    9.12 ^ _09232_/X (sky130_fd_sc_hd__o21a_1)
                                         _04562_ (net)
                  0.05    0.00    9.12 ^ _09233_/B (sky130_fd_sc_hd__nor2_1)
     2    0.01    0.04    0.05    9.17 v _09233_/Y (sky130_fd_sc_hd__nor2_1)
                                         _04563_ (net)
                  0.04    0.00    9.17 v _09241_/A_N (sky130_fd_sc_hd__nand2b_1)
     1    0.00    0.05    0.14    9.30 v _09241_/Y (sky130_fd_sc_hd__nand2b_1)
                                         _04569_ (net)
                  0.05    0.00    9.30 v _09244_/A2 (sky130_fd_sc_hd__a31o_2)
     1    0.00    0.04    0.23    9.53 v _09244_/X (sky130_fd_sc_hd__a31o_2)
                                         stage3_out[207] (net)
                  0.04    0.00    9.53 v out_flat[207]$_DFF_PN0_/D (sky130_fd_sc_hd__dfrtp_1)
                                  9.53   data arrival time

                  0.00   10.00   10.00   clock clk (rise edge)
                          0.00   10.00   clock network delay (ideal)
                          0.00   10.00   clock reconvergence pessimism
                                 10.00 ^ out_flat[207]$_DFF_PN0_/CLK (sky130_fd_sc_hd__dfrtp_1)
                         -0.12    9.88   library setup time
                                  9.88   data required time
-----------------------------------------------------------------------------
                                  9.88   data required time
                                 -9.53   data arrival time
-----------------------------------------------------------------------------
                                  0.35   slack (MET)



==========================================================================
detailed place report_checks -unconstrained
--------------------------------------------------------------------------
Startpoint: stage3_in_r[86]$_DFF_PN0_
            (rising edge-triggered flip-flop clocked by clk)
Endpoint: out_flat[207]$_DFF_PN0_
          (rising edge-triggered flip-flop clocked by clk)
Path Group: clk
Path Type: max

Fanout     Cap    Slew   Delay    Time   Description
-----------------------------------------------------------------------------
                  0.00    0.00    0.00   clock clk (rise edge)
                          0.00    0.00   clock network delay (ideal)
                  0.00    0.00    0.00 ^ stage3_in_r[86]$_DFF_PN0_/CLK (sky130_fd_sc_hd__dfrtp_1)
     2    0.01    0.05    0.35    0.35 v stage3_in_r[86]$_DFF_PN0_/Q (sky130_fd_sc_hd__dfrtp_1)
                                         stage3_in_r[22] (net)
                  0.05    0.00    0.35 v _07494_/A (sky130_fd_sc_hd__inv_1)
     5    0.04    0.29    0.23    0.58 ^ _07494_/Y (sky130_fd_sc_hd__inv_1)
                                         _00034_ (net)
                  0.29    0.00    0.58 ^ _09724_/B (sky130_fd_sc_hd__fa_1)
     2    0.02    0.13    0.53    1.12 v _09724_/SUM (sky130_fd_sc_hd__fa_1)
                                         _04942_ (net)
                  0.13    0.00    1.12 v _09728_/B (sky130_fd_sc_hd__fa_1)
     1    0.00    0.06    0.53    1.65 ^ _09728_/SUM (sky130_fd_sc_hd__fa_1)
                                         _00081_ (net)
                  0.06    0.00    1.65 ^ _07722_/A (sky130_fd_sc_hd__inv_1)
     1    0.00    0.03    0.04    1.70 v _07722_/Y (sky130_fd_sc_hd__inv_1)
                                         _01154_ (net)
                  0.03    0.00    1.70 v _10157_/B (sky130_fd_sc_hd__ha_1)
     1    0.00    0.04    0.26    1.95 ^ _10157_/SUM (sky130_fd_sc_hd__ha_1)
                                         _01155_ (net)
                  0.04    0.00    1.95 ^ _07058_/A (sky130_fd_sc_hd__inv_1)
     1    0.01    0.04    0.05    2.00 v _07058_/Y (sky130_fd_sc_hd__inv_1)
                                         _00086_ (net)
                  0.04    0.00    2.00 v _09732_/A (sky130_fd_sc_hd__fa_1)
     1    0.00    0.06    0.53    2.53 ^ _09732_/SUM (sky130_fd_sc_hd__fa_1)
                                         _00088_ (net)
                  0.06    0.00    2.53 ^ _07726_/A (sky130_fd_sc_hd__inv_1)
     1    0.00    0.03    0.05    2.58 v _07726_/Y (sky130_fd_sc_hd__inv_1)
                                         _00099_ (net)
                  0.03    0.00    2.58 v _09736_/CIN (sky130_fd_sc_hd__fa_1)
     1    0.00    0.05    0.47    3.05 ^ _09736_/SUM (sky130_fd_sc_hd__fa_1)
                                         _00101_ (net)
                  0.05    0.00    3.05 ^ _07165_/A (sky130_fd_sc_hd__inv_1)
     1    0.01    0.04    0.05    3.10 v _07165_/Y (sky130_fd_sc_hd__inv_1)
                                         _00107_ (net)
                  0.04    0.00    3.10 v _09739_/CIN (sky130_fd_sc_hd__fa_1)
     1    0.00    0.06    0.47    3.57 ^ _09739_/SUM (sky130_fd_sc_hd__fa_1)
                                         _00109_ (net)
                  0.06    0.00    3.57 ^ _07731_/A (sky130_fd_sc_hd__inv_1)
     1    0.00    0.02    0.04    3.61 v _07731_/Y (sky130_fd_sc_hd__inv_1)
                                         _01179_ (net)
                  0.02    0.00    3.61 v _10175_/B (sky130_fd_sc_hd__ha_1)
     6    0.02    0.13    0.35    3.96 v _10175_/SUM (sky130_fd_sc_hd__ha_1)
                                         _01181_ (net)
                  0.13    0.00    3.96 v _06081_/A1 (sky130_fd_sc_hd__o21ai_0)
     1    0.00    0.14    0.19    4.15 ^ _06081_/Y (sky130_fd_sc_hd__o21ai_0)
                                         _02912_ (net)
                  0.14    0.00    4.15 ^ _06082_/B (sky130_fd_sc_hd__nand2b_1)
     2    0.01    0.06    0.09    4.24 v _06082_/Y (sky130_fd_sc_hd__nand2b_1)
                                         _02913_ (net)
                  0.06    0.00    4.24 v _06083_/B (sky130_fd_sc_hd__nand2b_1)
     3    0.02    0.19    0.17    4.41 ^ _06083_/Y (sky130_fd_sc_hd__nand2b_1)
                                         _02914_ (net)
                  0.19    0.00    4.42 ^ _07819_/B (sky130_fd_sc_hd__xnor2_1)
     3    0.02    0.14    0.17    4.59 v _07819_/Y (sky130_fd_sc_hd__xnor2_1)
                                         _01607_ (net)
                  0.14    0.00    4.59 v _10523_/B (sky130_fd_sc_hd__ha_1)
     2    0.01    0.06    0.24    4.82 v _10523_/COUT (sky130_fd_sc_hd__ha_1)
                                         _01856_ (net)
                  0.06    0.00    4.82 v _06611_/C1 (sky130_fd_sc_hd__a211oi_1)
     1    0.00    0.17    0.16    4.99 ^ _06611_/Y (sky130_fd_sc_hd__a211oi_1)
                                         _03286_ (net)
                  0.17    0.00    4.99 ^ _06612_/B1 (sky130_fd_sc_hd__o21ai_0)
     2    0.01    0.11    0.15    5.14 v _06612_/Y (sky130_fd_sc_hd__o21ai_0)
                                         _03287_ (net)
                  0.11    0.00    5.14 v _06617_/C1 (sky130_fd_sc_hd__a2111oi_0)
     1    0.00    0.40    0.39    5.53 ^ _06617_/Y (sky130_fd_sc_hd__a2111oi_0)
                                         _03292_ (net)
                  0.40    0.00    5.53 ^ _06621_/A2 (sky130_fd_sc_hd__a21oi_1)
     2    0.01    0.11    0.16    5.69 v _06621_/Y (sky130_fd_sc_hd__a21oi_1)
                                         _03296_ (net)
                  0.11    0.00    5.69 v _06629_/A3 (sky130_fd_sc_hd__a31o_1)
     3    0.01    0.06    0.26    5.96 v _06629_/X (sky130_fd_sc_hd__a31o_1)
                                         _03304_ (net)
                  0.06    0.00    5.96 v _06630_/A3 (sky130_fd_sc_hd__a31o_2)
     4    0.03    0.09    0.31    6.27 v _06630_/X (sky130_fd_sc_hd__a31o_2)
                                         _03305_ (net)
                  0.09    0.00    6.27 v _06643_/A1 (sky130_fd_sc_hd__a21o_1)
     2    0.01    0.06    0.19    6.46 v _06643_/X (sky130_fd_sc_hd__a21o_1)
                                         _03314_ (net)
                  0.06    0.00    6.46 v _06659_/B (sky130_fd_sc_hd__maj3_1)
     1    0.00    0.07    0.34    6.80 v _06659_/X (sky130_fd_sc_hd__maj3_1)
                                         _03327_ (net)
                  0.07    0.00    6.80 v _06672_/A (sky130_fd_sc_hd__xor2_1)
     2    0.01    0.08    0.19    6.99 v _06672_/X (sky130_fd_sc_hd__xor2_1)
                                         _01977_ (net)
                  0.08    0.00    6.99 v _10609_/B (sky130_fd_sc_hd__ha_1)
     2    0.01    0.07    0.30    7.29 ^ _10609_/SUM (sky130_fd_sc_hd__ha_1)
                                         _01979_ (net)
                  0.07    0.00    7.29 ^ _09200_/B1 (sky130_fd_sc_hd__o21ai_0)
     2    0.01    0.09    0.11    7.40 v _09200_/Y (sky130_fd_sc_hd__o21ai_0)
                                         _04534_ (net)
                  0.09    0.00    7.40 v _09201_/A2 (sky130_fd_sc_hd__a21oi_1)
     2    0.01    0.18    0.21    7.61 ^ _09201_/Y (sky130_fd_sc_hd__a21oi_1)
                                         _04535_ (net)
                  0.18    0.00    7.61 ^ _09202_/A2 (sky130_fd_sc_hd__o21ai_0)
     2    0.01    0.12    0.14    7.74 v _09202_/Y (sky130_fd_sc_hd__o21ai_0)
                                         _04536_ (net)
                  0.12    0.00    7.75 v _09203_/A2 (sky130_fd_sc_hd__a21oi_1)
     2    0.01    0.17    0.21    7.96 ^ _09203_/Y (sky130_fd_sc_hd__a21oi_1)
                                         _04537_ (net)
                  0.17    0.00    7.96 ^ _09204_/A2 (sky130_fd_sc_hd__o21ai_0)
     2    0.01    0.12    0.13    8.09 v _09204_/Y (sky130_fd_sc_hd__o21ai_0)
                                         _04538_ (net)
                  0.12    0.00    8.09 v _09205_/A2 (sky130_fd_sc_hd__a21oi_1)
     2    0.01    0.15    0.21    8.30 ^ _09205_/Y (sky130_fd_sc_hd__a21oi_1)
                                         _04539_ (net)
                  0.15    0.00    8.30 ^ _09206_/A2 (sky130_fd_sc_hd__o21ai_0)
     2    0.01    0.13    0.14    8.44 v _09206_/Y (sky130_fd_sc_hd__o21ai_0)
                                         _04540_ (net)
                  0.13    0.00    8.44 v _09207_/A2 (sky130_fd_sc_hd__a21oi_1)
     2    0.01    0.15    0.20    8.64 ^ _09207_/Y (sky130_fd_sc_hd__a21oi_1)
                                         _04541_ (net)
                  0.15    0.00    8.64 ^ _09224_/A2 (sky130_fd_sc_hd__o21ai_0)
     2    0.00    0.11    0.11    8.76 v _09224_/Y (sky130_fd_sc_hd__o21ai_0)
                                         _04556_ (net)
                  0.11    0.00    8.76 v _09225_/A2 (sky130_fd_sc_hd__a21oi_1)
     2    0.01    0.18    0.22    8.98 ^ _09225_/Y (sky130_fd_sc_hd__a21oi_1)
                                         _04557_ (net)
                  0.18    0.00    8.98 ^ _09232_/A2 (sky130_fd_sc_hd__o21a_1)
     1    0.00    0.05    0.14    9.12 ^ _09232_/X (sky130_fd_sc_hd__o21a_1)
                                         _04562_ (net)
                  0.05    0.00    9.12 ^ _09233_/B (sky130_fd_sc_hd__nor2_1)
     2    0.01    0.04    0.05    9.17 v _09233_/Y (sky130_fd_sc_hd__nor2_1)
                                         _04563_ (net)
                  0.04    0.00    9.17 v _09241_/A_N (sky130_fd_sc_hd__nand2b_1)
     1    0.00    0.05    0.14    9.30 v _09241_/Y (sky130_fd_sc_hd__nand2b_1)
                                         _04569_ (net)
                  0.05    0.00    9.30 v _09244_/A2 (sky130_fd_sc_hd__a31o_2)
     1    0.00    0.04    0.23    9.53 v _09244_/X (sky130_fd_sc_hd__a31o_2)
                                         stage3_out[207] (net)
                  0.04    0.00    9.53 v out_flat[207]$_DFF_PN0_/D (sky130_fd_sc_hd__dfrtp_1)
                                  9.53   data arrival time

                  0.00   10.00   10.00   clock clk (rise edge)
                          0.00   10.00   clock network delay (ideal)
                          0.00   10.00   clock reconvergence pessimism
                                 10.00 ^ out_flat[207]$_DFF_PN0_/CLK (sky130_fd_sc_hd__dfrtp_1)
                         -0.12    9.88   library setup time
                                  9.88   data required time
-----------------------------------------------------------------------------
                                  9.88   data required time
                                 -9.53   data arrival time
-----------------------------------------------------------------------------
                                  0.35   slack (MET)



==========================================================================
detailed place report_check_types -max_slew -max_cap -max_fanout -violators
--------------------------------------------------------------------------

==========================================================================
detailed place max_slew_check_slack
--------------------------------------------------------------------------
0.5668669939041138

==========================================================================
detailed place max_slew_check_limit
--------------------------------------------------------------------------
1.4892979860305786

==========================================================================
detailed place max_slew_check_slack_limit
--------------------------------------------------------------------------
0.3806

==========================================================================
detailed place max_fanout_check_slack
--------------------------------------------------------------------------
1.0000000150474662e+30

==========================================================================
detailed place max_fanout_check_limit
--------------------------------------------------------------------------
1.0000000150474662e+30

==========================================================================
detailed place max_capacitance_check_slack
--------------------------------------------------------------------------
0.012097819708287716

==========================================================================
detailed place max_capacitance_check_limit
--------------------------------------------------------------------------
0.021067000925540924

==========================================================================
detailed place max_capacitance_check_slack_limit
--------------------------------------------------------------------------
0.5743

==========================================================================
detailed place max_slew_violation_count
--------------------------------------------------------------------------
max slew violation count 0

==========================================================================
detailed place max_fanout_violation_count
--------------------------------------------------------------------------
max fanout violation count 0

==========================================================================
detailed place max_cap_violation_count
--------------------------------------------------------------------------
max cap violation count 0

==========================================================================
detailed place setup_violation_count
--------------------------------------------------------------------------
setup violation count 0

==========================================================================
detailed place hold_violation_count
--------------------------------------------------------------------------
hold violation count 0

==========================================================================
detailed place report_checks -path_delay max reg to reg
--------------------------------------------------------------------------
Startpoint: stage3_in_r[86]$_DFF_PN0_
            (rising edge-triggered flip-flop clocked by clk)
Endpoint: out_flat[207]$_DFF_PN0_
          (rising edge-triggered flip-flop clocked by clk)
Path Group: clk
Path Type: max

  Delay    Time   Description
---------------------------------------------------------
   0.00    0.00   clock clk (rise edge)
   0.00    0.00   clock network delay (ideal)
   0.00    0.00 ^ stage3_in_r[86]$_DFF_PN0_/CLK (sky130_fd_sc_hd__dfrtp_1)
   0.35    0.35 v stage3_in_r[86]$_DFF_PN0_/Q (sky130_fd_sc_hd__dfrtp_1)
   0.23    0.58 ^ _07494_/Y (sky130_fd_sc_hd__inv_1)
   0.54    1.12 v _09724_/SUM (sky130_fd_sc_hd__fa_1)
   0.53    1.65 ^ _09728_/SUM (sky130_fd_sc_hd__fa_1)
   0.04    1.70 v _07722_/Y (sky130_fd_sc_hd__inv_1)
   0.26    1.95 ^ _10157_/SUM (sky130_fd_sc_hd__ha_1)
   0.05    2.00 v _07058_/Y (sky130_fd_sc_hd__inv_1)
   0.53    2.53 ^ _09732_/SUM (sky130_fd_sc_hd__fa_1)
   0.05    2.58 v _07726_/Y (sky130_fd_sc_hd__inv_1)
   0.47    3.05 ^ _09736_/SUM (sky130_fd_sc_hd__fa_1)
   0.05    3.10 v _07165_/Y (sky130_fd_sc_hd__inv_1)
   0.47    3.57 ^ _09739_/SUM (sky130_fd_sc_hd__fa_1)
   0.04    3.61 v _07731_/Y (sky130_fd_sc_hd__inv_1)
   0.35    3.96 v _10175_/SUM (sky130_fd_sc_hd__ha_1)
   0.19    4.15 ^ _06081_/Y (sky130_fd_sc_hd__o21ai_0)
   0.09    4.24 v _06082_/Y (sky130_fd_sc_hd__nand2b_1)
   0.17    4.41 ^ _06083_/Y (sky130_fd_sc_hd__nand2b_1)
   0.17    4.59 v _07819_/Y (sky130_fd_sc_hd__xnor2_1)
   0.24    4.82 v _10523_/COUT (sky130_fd_sc_hd__ha_1)
   0.16    4.99 ^ _06611_/Y (sky130_fd_sc_hd__a211oi_1)
   0.15    5.14 v _06612_/Y (sky130_fd_sc_hd__o21ai_0)
   0.39    5.53 ^ _06617_/Y (sky130_fd_sc_hd__a2111oi_0)
   0.16    5.69 v _06621_/Y (sky130_fd_sc_hd__a21oi_1)
   0.26    5.96 v _06629_/X (sky130_fd_sc_hd__a31o_1)
   0.31    6.27 v _06630_/X (sky130_fd_sc_hd__a31o_2)
   0.20    6.46 v _06643_/X (sky130_fd_sc_hd__a21o_1)
   0.34    6.80 v _06659_/X (sky130_fd_sc_hd__maj3_1)
   0.19    6.99 v _06672_/X (sky130_fd_sc_hd__xor2_1)
   0.30    7.29 ^ _10609_/SUM (sky130_fd_sc_hd__ha_1)
   0.11    7.40 v _09200_/Y (sky130_fd_sc_hd__o21ai_0)
   0.21    7.61 ^ _09201_/Y (sky130_fd_sc_hd__a21oi_1)
   0.14    7.74 v _09202_/Y (sky130_fd_sc_hd__o21ai_0)
   0.21    7.96 ^ _09203_/Y (sky130_fd_sc_hd__a21oi_1)
   0.13    8.09 v _09204_/Y (sky130_fd_sc_hd__o21ai_0)
   0.21    8.30 ^ _09205_/Y (sky130_fd_sc_hd__a21oi_1)
   0.14    8.44 v _09206_/Y (sky130_fd_sc_hd__o21ai_0)
   0.20    8.64 ^ _09207_/Y (sky130_fd_sc_hd__a21oi_1)
   0.11    8.76 v _09224_/Y (sky130_fd_sc_hd__o21ai_0)
   0.22    8.98 ^ _09225_/Y (sky130_fd_sc_hd__a21oi_1)
   0.14    9.12 ^ _09232_/X (sky130_fd_sc_hd__o21a_1)
   0.05    9.17 v _09233_/Y (sky130_fd_sc_hd__nor2_1)
   0.14    9.30 v _09241_/Y (sky130_fd_sc_hd__nand2b_1)
   0.23    9.53 v _09244_/X (sky130_fd_sc_hd__a31o_2)
   0.00    9.53 v out_flat[207]$_DFF_PN0_/D (sky130_fd_sc_hd__dfrtp_1)
           9.53   data arrival time

  10.00   10.00   clock clk (rise edge)
   0.00   10.00   clock network delay (ideal)
   0.00   10.00   clock reconvergence pessimism
          10.00 ^ out_flat[207]$_DFF_PN0_/CLK (sky130_fd_sc_hd__dfrtp_1)
  -0.12    9.88   library setup time
           9.88   data required time
---------------------------------------------------------
           9.88   data required time
          -9.53   data arrival time
---------------------------------------------------------
           0.35   slack (MET)



==========================================================================
detailed place report_checks -path_delay min reg to reg
--------------------------------------------------------------------------
Startpoint: stage3_in_r[178]$_DFF_PN0_
            (rising edge-triggered flip-flop clocked by clk)
Endpoint: out_flat[177]$_DFF_PN0_
          (rising edge-triggered flip-flop clocked by clk)
Path Group: clk
Path Type: min

  Delay    Time   Description
---------------------------------------------------------
   0.00    0.00   clock clk (rise edge)
   0.00    0.00   clock network delay (ideal)
   0.00    0.00 ^ stage3_in_r[178]$_DFF_PN0_/CLK (sky130_fd_sc_hd__dfrtp_1)
   0.29    0.29 ^ stage3_in_r[178]$_DFF_PN0_/Q (sky130_fd_sc_hd__dfrtp_1)
   0.00    0.29 ^ out_flat[177]$_DFF_PN0_/D (sky130_fd_sc_hd__dfrtp_1)
           0.29   data arrival time

   0.00    0.00   clock clk (rise edge)
   0.00    0.00   clock network delay (ideal)
   0.00    0.00   clock reconvergence pessimism
           0.00 ^ out_flat[177]$_DFF_PN0_/CLK (sky130_fd_sc_hd__dfrtp_1)
  -0.04   -0.04   library hold time
          -0.04   data required time
---------------------------------------------------------
          -0.04   data required time
          -0.29   data arrival time
---------------------------------------------------------
           0.33   slack (MET)



==========================================================================
detailed place critical path target clock latency max path
--------------------------------------------------------------------------
0

==========================================================================
detailed place critical path target clock latency min path
--------------------------------------------------------------------------
0

==========================================================================
detailed place critical path source clock latency min path
--------------------------------------------------------------------------
0

==========================================================================
detailed place critical path delay
--------------------------------------------------------------------------
9.5312

==========================================================================
detailed place critical path slack
--------------------------------------------------------------------------
0.3479

==========================================================================
detailed place slack div critical path delay
--------------------------------------------------------------------------
3.650118

==========================================================================
detailed place report_power
--------------------------------------------------------------------------
Group                  Internal  Switching    Leakage      Total
                          Power      Power      Power      Power (Watts)
----------------------------------------------------------------
Sequential             7.19e-03   5.15e-04   7.22e-09   7.70e-03   3.3%
Combinational          9.72e-02   1.31e-01   2.42e-08   2.28e-01  96.7%
Clock                  0.00e+00   0.00e+00   0.00e+00   0.00e+00   0.0%
Macro                  0.00e+00   0.00e+00   0.00e+00   0.00e+00   0.0%
Pad                    0.00e+00   0.00e+00   0.00e+00   0.00e+00   0.0%
----------------------------------------------------------------
Total                  1.04e-01   1.32e-01   3.15e-08   2.36e-01 100.0%
                          44.2%      55.8%       0.0%
