
==========================================================================
global place report_tns
--------------------------------------------------------------------------
tns max 0.00

==========================================================================
global place report_wns
--------------------------------------------------------------------------
wns max 0.00

==========================================================================
global place report_worst_slack
--------------------------------------------------------------------------
worst slack max 0.47

==========================================================================
global place report_clock_min_period
--------------------------------------------------------------------------
clk period_min = 9.53 fmax = 104.89

==========================================================================
global place report_checks -path_delay min
--------------------------------------------------------------------------
Startpoint: stage3_in_r[182]$_DFF_PN0_
            (rising edge-triggered flip-flop clocked by clk)
Endpoint: out_flat[181]$_DFF_PN0_
          (rising edge-triggered flip-flop clocked by clk)
Path Group: clk
Path Type: min

Fanout     Cap    Slew   Delay    Time   Description
-----------------------------------------------------------------------------
                  0.00    0.00    0.00   clock clk (rise edge)
                          0.00    0.00   clock network delay (ideal)
                  0.00    0.00    0.00 ^ stage3_in_r[182]$_DFF_PN0_/CLK (sky130_fd_sc_hd__dfrtp_1)
     1    0.00    0.04    0.29    0.29 ^ stage3_in_r[182]$_DFF_PN0_/Q (sky130_fd_sc_hd__dfrtp_1)
                                         stage3_in_r[182] (net)
                  0.04    0.00    0.29 ^ out_flat[181]$_DFF_PN0_/D (sky130_fd_sc_hd__dfrtp_1)
                                  0.29   data arrival time

                  0.00    0.00    0.00   clock clk (rise edge)
                          0.00    0.00   clock network delay (ideal)
                          0.00    0.00   clock reconvergence pessimism
                                  0.00 ^ out_flat[181]$_DFF_PN0_/CLK (sky130_fd_sc_hd__dfrtp_1)
                         -0.04   -0.04   library hold time
                                 -0.04   data required time
-----------------------------------------------------------------------------
                                 -0.04   data required time
                                 -0.29   data arrival time
-----------------------------------------------------------------------------
                                  0.33   slack (MET)



==========================================================================
global place report_checks -path_delay max
--------------------------------------------------------------------------
Startpoint: stage3_in_r[86]$_DFF_PN0_
            (rising edge-triggered flip-flop clocked by clk)
Endpoint: out_flat[207]$_DFF_PN0_
          (rising edge-triggered flip-flop clocked by clk)
Path Group: clk
Path Type: max

Fanout     Cap    Slew   Delay    Time   Description
-----------------------------------------------------------------------------
                  0.00    0.00    0.00   clock clk (rise edge)
                          0.00    0.00   clock network delay (ideal)
                  0.00    0.00    0.00 ^ stage3_in_r[86]$_DFF_PN0_/CLK (sky130_fd_sc_hd__dfrtp_1)
     2    0.00    0.05    0.35    0.35 v stage3_in_r[86]$_DFF_PN0_/Q (sky130_fd_sc_hd__dfrtp_1)
                                         stage3_in_r[22] (net)
                  0.05    0.00    0.35 v _07494_/A (sky130_fd_sc_hd__inv_1)
     5    0.03    0.28    0.22    0.57 ^ _07494_/Y (sky130_fd_sc_hd__inv_1)
                                         _00034_ (net)
                  0.28    0.00    0.57 ^ _09724_/B (sky130_fd_sc_hd__fa_1)
     2    0.01    0.13    0.53    1.10 v _09724_/SUM (sky130_fd_sc_hd__fa_1)
                                         _04942_ (net)
                  0.13    0.00    1.10 v _09728_/B (sky130_fd_sc_hd__fa_1)
     1    0.00    0.06    0.53    1.63 ^ _09728_/SUM (sky130_fd_sc_hd__fa_1)
                                         _00081_ (net)
                  0.06    0.00    1.63 ^ _07722_/A (sky130_fd_sc_hd__inv_1)
     1    0.00    0.02    0.04    1.67 v _07722_/Y (sky130_fd_sc_hd__inv_1)
                                         _01154_ (net)
                  0.02    0.00    1.67 v _10157_/B (sky130_fd_sc_hd__ha_1)
     1    0.00    0.05    0.26    1.93 ^ _10157_/SUM (sky130_fd_sc_hd__ha_1)
                                         _01155_ (net)
                  0.05    0.00    1.93 ^ _07058_/A (sky130_fd_sc_hd__inv_1)
     1    0.01    0.04    0.05    1.98 v _07058_/Y (sky130_fd_sc_hd__inv_1)
                                         _00086_ (net)
                  0.04    0.00    1.98 v _09732_/A (sky130_fd_sc_hd__fa_1)
     1    0.00    0.06    0.53    2.52 ^ _09732_/SUM (sky130_fd_sc_hd__fa_1)
                                         _00088_ (net)
                  0.06    0.00    2.52 ^ _07726_/A (sky130_fd_sc_hd__inv_1)
     1    0.01    0.03    0.05    2.57 v _07726_/Y (sky130_fd_sc_hd__inv_1)
                                         _00099_ (net)
                  0.03    0.00    2.57 v _09736_/CIN (sky130_fd_sc_hd__fa_1)
     1    0.00    0.06    0.48    3.04 ^ _09736_/SUM (sky130_fd_sc_hd__fa_1)
                                         _00101_ (net)
                  0.06    0.00    3.04 ^ _07165_/A (sky130_fd_sc_hd__inv_1)
     1    0.01    0.03    0.05    3.09 v _07165_/Y (sky130_fd_sc_hd__inv_1)
                                         _00107_ (net)
                  0.03    0.00    3.09 v _09739_/CIN (sky130_fd_sc_hd__fa_1)
     1    0.00    0.06    0.48    3.57 ^ _09739_/SUM (sky130_fd_sc_hd__fa_1)
                                         _00109_ (net)
                  0.06    0.00    3.57 ^ _07731_/A (sky130_fd_sc_hd__inv_1)
     1    0.00    0.03    0.04    3.61 v _07731_/Y (sky130_fd_sc_hd__inv_1)
                                         _01179_ (net)
                  0.03    0.00    3.61 v _10175_/B (sky130_fd_sc_hd__ha_1)
     6    0.02    0.13    0.35    3.96 v _10175_/SUM (sky130_fd_sc_hd__ha_1)
                                         _01181_ (net)
                  0.13    0.00    3.96 v _06081_/A1 (sky130_fd_sc_hd__o21ai_0)
     1    0.00    0.13    0.18    4.14 ^ _06081_/Y (sky130_fd_sc_hd__o21ai_0)
                                         _02912_ (net)
                  0.13    0.00    4.14 ^ _06082_/B (sky130_fd_sc_hd__nand2b_1)
     2    0.01    0.06    0.09    4.23 v _06082_/Y (sky130_fd_sc_hd__nand2b_1)
                                         _02913_ (net)
                  0.06    0.00    4.23 v _06083_/B (sky130_fd_sc_hd__nand2b_1)
     3    0.02    0.18    0.17    4.40 ^ _06083_/Y (sky130_fd_sc_hd__nand2b_1)
                                         _02914_ (net)
                  0.18    0.00    4.40 ^ _07819_/B (sky130_fd_sc_hd__xnor2_1)
     3    0.02    0.14    0.16    4.56 v _07819_/Y (sky130_fd_sc_hd__xnor2_1)
                                         _01607_ (net)
                  0.14    0.00    4.56 v _10523_/B (sky130_fd_sc_hd__ha_1)
     2    0.01    0.05    0.23    4.79 v _10523_/COUT (sky130_fd_sc_hd__ha_1)
                                         _01856_ (net)
                  0.05    0.00    4.79 v _06611_/C1 (sky130_fd_sc_hd__a211oi_1)
     1    0.00    0.17    0.16    4.95 ^ _06611_/Y (sky130_fd_sc_hd__a211oi_1)
                                         _03286_ (net)
                  0.17    0.00    4.95 ^ _06612_/B1 (sky130_fd_sc_hd__o21ai_0)
     2    0.00    0.10    0.13    5.08 v _06612_/Y (sky130_fd_sc_hd__o21ai_0)
                                         _03287_ (net)
                  0.10    0.00    5.08 v _06617_/C1 (sky130_fd_sc_hd__a2111oi_0)
     1    0.00    0.34    0.35    5.43 ^ _06617_/Y (sky130_fd_sc_hd__a2111oi_0)
                                         _03292_ (net)
                  0.34    0.00    5.43 ^ _06621_/A2 (sky130_fd_sc_hd__a21oi_1)
     2    0.01    0.11    0.15    5.58 v _06621_/Y (sky130_fd_sc_hd__a21oi_1)
                                         _03296_ (net)
                  0.11    0.00    5.58 v _06629_/A3 (sky130_fd_sc_hd__a31o_1)
     3    0.01    0.06    0.26    5.83 v _06629_/X (sky130_fd_sc_hd__a31o_1)
                                         _03304_ (net)
                  0.06    0.00    5.83 v _06630_/A3 (sky130_fd_sc_hd__a31o_2)
     4    0.03    0.09    0.31    6.15 v _06630_/X (sky130_fd_sc_hd__a31o_2)
                                         _03305_ (net)
                  0.09    0.00    6.15 v _06678_/A1 (sky130_fd_sc_hd__a2111oi_4)
     1    0.01    0.26    0.31    6.46 ^ _06678_/Y (sky130_fd_sc_hd__a2111oi_4)
                                         _03343_ (net)
                  0.26    0.00    6.46 ^ _06679_/C (sky130_fd_sc_hd__nor3_2)
     5    0.02    0.09    0.12    6.58 v _06679_/Y (sky130_fd_sc_hd__nor3_2)
                                         _03344_ (net)
                  0.09    0.00    6.58 v _06689_/A (sky130_fd_sc_hd__nor2_1)
     1    0.00    0.11    0.12    6.70 ^ _06689_/Y (sky130_fd_sc_hd__nor2_1)
                                         _03352_ (net)
                  0.11    0.00    6.70 ^ _06690_/B (sky130_fd_sc_hd__nor2_1)
     1    0.00    0.04    0.05    6.75 v _06690_/Y (sky130_fd_sc_hd__nor2_1)
                                         _03353_ (net)
                  0.04    0.00    6.75 v _06691_/B1 (sky130_fd_sc_hd__a21oi_1)
     2    0.01    0.21    0.19    6.94 ^ _06691_/Y (sky130_fd_sc_hd__a21oi_1)
                                         _03354_ (net)
                  0.21    0.00    6.94 ^ _06699_/A (sky130_fd_sc_hd__xor2_1)
     2    0.01    0.08    0.12    7.06 v _06699_/X (sky130_fd_sc_hd__xor2_1)
                                         _01902_ (net)
                  0.08    0.00    7.06 v _10559_/B (sky130_fd_sc_hd__ha_1)
     6    0.02    0.21    0.41    7.47 ^ _10559_/SUM (sky130_fd_sc_hd__ha_1)
                                         _01904_ (net)
                  0.21    0.00    7.47 ^ _09202_/B1 (sky130_fd_sc_hd__o21ai_0)
     2    0.01    0.12    0.16    7.63 v _09202_/Y (sky130_fd_sc_hd__o21ai_0)
                                         _04536_ (net)
                  0.12    0.00    7.63 v _09203_/A2 (sky130_fd_sc_hd__a21oi_1)
     2    0.01    0.16    0.21    7.83 ^ _09203_/Y (sky130_fd_sc_hd__a21oi_1)
                                         _04537_ (net)
                  0.16    0.00    7.83 ^ _09204_/A2 (sky130_fd_sc_hd__o21ai_0)
     2    0.01    0.12    0.13    7.96 v _09204_/Y (sky130_fd_sc_hd__o21ai_0)
                                         _04538_ (net)
                  0.12    0.00    7.96 v _09205_/A2 (sky130_fd_sc_hd__a21oi_1)
     2    0.01    0.15    0.20    8.16 ^ _09205_/Y (sky130_fd_sc_hd__a21oi_1)
                                         _04539_ (net)
                  0.15    0.00    8.16 ^ _09206_/A2 (sky130_fd_sc_hd__o21ai_0)
     2    0.01    0.13    0.14    8.31 v _09206_/Y (sky130_fd_sc_hd__o21ai_0)
                                         _04540_ (net)
                  0.13    0.00    8.31 v _09207_/A2 (sky130_fd_sc_hd__a21oi_1)
     2    0.01    0.15    0.21    8.51 ^ _09207_/Y (sky130_fd_sc_hd__a21oi_1)
                                         _04541_ (net)
                  0.15    0.00    8.51 ^ _09224_/A2 (sky130_fd_sc_hd__o21ai_0)
     2    0.00    0.10    0.11    8.62 v _09224_/Y (sky130_fd_sc_hd__o21ai_0)
                                         _04556_ (net)
                  0.10    0.00    8.62 v _09225_/A2 (sky130_fd_sc_hd__a21oi_1)
     2    0.01    0.21    0.24    8.86 ^ _09225_/Y (sky130_fd_sc_hd__a21oi_1)
                                         _04557_ (net)
                  0.21    0.00    8.86 ^ _09232_/A2 (sky130_fd_sc_hd__o21a_1)
     1    0.00    0.05    0.14    9.00 ^ _09232_/X (sky130_fd_sc_hd__o21a_1)
                                         _04562_ (net)
                  0.05    0.00    9.00 ^ _09233_/B (sky130_fd_sc_hd__nor2_1)
     2    0.01    0.04    0.05    9.05 v _09233_/Y (sky130_fd_sc_hd__nor2_1)
                                         _04563_ (net)
                  0.04    0.00    9.05 v _09241_/A_N (sky130_fd_sc_hd__nand2b_1)
     1    0.00    0.05    0.14    9.19 v _09241_/Y (sky130_fd_sc_hd__nand2b_1)
                                         _04569_ (net)
                  0.05    0.00    9.19 v _09244_/A2 (sky130_fd_sc_hd__a31o_2)
     1    0.00    0.04    0.22    9.41 v _09244_/X (sky130_fd_sc_hd__a31o_2)
                                         stage3_out[207] (net)
                  0.04    0.00    9.41 v out_flat[207]$_DFF_PN0_/D (sky130_fd_sc_hd__dfrtp_1)
                                  9.41   data arrival time

                  0.00   10.00   10.00   clock clk (rise edge)
                          0.00   10.00   clock network delay (ideal)
                          0.00   10.00   clock reconvergence pessimism
                                 10.00 ^ out_flat[207]$_DFF_PN0_/CLK (sky130_fd_sc_hd__dfrtp_1)
                         -0.12    9.88   library setup time
                                  9.88   data required time
-----------------------------------------------------------------------------
                                  9.88   data required time
                                 -9.41   data arrival time
-----------------------------------------------------------------------------
                                  0.47   slack (MET)



==========================================================================
global place report_checks -unconstrained
--------------------------------------------------------------------------
Startpoint: stage3_in_r[86]$_DFF_PN0_
            (rising edge-triggered flip-flop clocked by clk)
Endpoint: out_flat[207]$_DFF_PN0_
          (rising edge-triggered flip-flop clocked by clk)
Path Group: clk
Path Type: max

Fanout     Cap    Slew   Delay    Time   Description
-----------------------------------------------------------------------------
                  0.00    0.00    0.00   clock clk (rise edge)
                          0.00    0.00   clock network delay (ideal)
                  0.00    0.00    0.00 ^ stage3_in_r[86]$_DFF_PN0_/CLK (sky130_fd_sc_hd__dfrtp_1)
     2    0.00    0.05    0.35    0.35 v stage3_in_r[86]$_DFF_PN0_/Q (sky130_fd_sc_hd__dfrtp_1)
                                         stage3_in_r[22] (net)
                  0.05    0.00    0.35 v _07494_/A (sky130_fd_sc_hd__inv_1)
     5    0.03    0.28    0.22    0.57 ^ _07494_/Y (sky130_fd_sc_hd__inv_1)
                                         _00034_ (net)
                  0.28    0.00    0.57 ^ _09724_/B (sky130_fd_sc_hd__fa_1)
     2    0.01    0.13    0.53    1.10 v _09724_/SUM (sky130_fd_sc_hd__fa_1)
                                         _04942_ (net)
                  0.13    0.00    1.10 v _09728_/B (sky130_fd_sc_hd__fa_1)
     1    0.00    0.06    0.53    1.63 ^ _09728_/SUM (sky130_fd_sc_hd__fa_1)
                                         _00081_ (net)
                  0.06    0.00    1.63 ^ _07722_/A (sky130_fd_sc_hd__inv_1)
     1    0.00    0.02    0.04    1.67 v _07722_/Y (sky130_fd_sc_hd__inv_1)
                                         _01154_ (net)
                  0.02    0.00    1.67 v _10157_/B (sky130_fd_sc_hd__ha_1)
     1    0.00    0.05    0.26    1.93 ^ _10157_/SUM (sky130_fd_sc_hd__ha_1)
                                         _01155_ (net)
                  0.05    0.00    1.93 ^ _07058_/A (sky130_fd_sc_hd__inv_1)
     1    0.01    0.04    0.05    1.98 v _07058_/Y (sky130_fd_sc_hd__inv_1)
                                         _00086_ (net)
                  0.04    0.00    1.98 v _09732_/A (sky130_fd_sc_hd__fa_1)
     1    0.00    0.06    0.53    2.52 ^ _09732_/SUM (sky130_fd_sc_hd__fa_1)
                                         _00088_ (net)
                  0.06    0.00    2.52 ^ _07726_/A (sky130_fd_sc_hd__inv_1)
     1    0.01    0.03    0.05    2.57 v _07726_/Y (sky130_fd_sc_hd__inv_1)
                                         _00099_ (net)
                  0.03    0.00    2.57 v _09736_/CIN (sky130_fd_sc_hd__fa_1)
     1    0.00    0.06    0.48    3.04 ^ _09736_/SUM (sky130_fd_sc_hd__fa_1)
                                         _00101_ (net)
                  0.06    0.00    3.04 ^ _07165_/A (sky130_fd_sc_hd__inv_1)
     1    0.01    0.03    0.05    3.09 v _07165_/Y (sky130_fd_sc_hd__inv_1)
                                         _00107_ (net)
                  0.03    0.00    3.09 v _09739_/CIN (sky130_fd_sc_hd__fa_1)
     1    0.00    0.06    0.48    3.57 ^ _09739_/SUM (sky130_fd_sc_hd__fa_1)
                                         _00109_ (net)
                  0.06    0.00    3.57 ^ _07731_/A (sky130_fd_sc_hd__inv_1)
     1    0.00    0.03    0.04    3.61 v _07731_/Y (sky130_fd_sc_hd__inv_1)
                                         _01179_ (net)
                  0.03    0.00    3.61 v _10175_/B (sky130_fd_sc_hd__ha_1)
     6    0.02    0.13    0.35    3.96 v _10175_/SUM (sky130_fd_sc_hd__ha_1)
                                         _01181_ (net)
                  0.13    0.00    3.96 v _06081_/A1 (sky130_fd_sc_hd__o21ai_0)
     1    0.00    0.13    0.18    4.14 ^ _06081_/Y (sky130_fd_sc_hd__o21ai_0)
                                         _02912_ (net)
                  0.13    0.00    4.14 ^ _06082_/B (sky130_fd_sc_hd__nand2b_1)
     2    0.01    0.06    0.09    4.23 v _06082_/Y (sky130_fd_sc_hd__nand2b_1)
                                         _02913_ (net)
                  0.06    0.00    4.23 v _06083_/B (sky130_fd_sc_hd__nand2b_1)
     3    0.02    0.18    0.17    4.40 ^ _06083_/Y (sky130_fd_sc_hd__nand2b_1)
                                         _02914_ (net)
                  0.18    0.00    4.40 ^ _07819_/B (sky130_fd_sc_hd__xnor2_1)
     3    0.02    0.14    0.16    4.56 v _07819_/Y (sky130_fd_sc_hd__xnor2_1)
                                         _01607_ (net)
                  0.14    0.00    4.56 v _10523_/B (sky130_fd_sc_hd__ha_1)
     2    0.01    0.05    0.23    4.79 v _10523_/COUT (sky130_fd_sc_hd__ha_1)
                                         _01856_ (net)
                  0.05    0.00    4.79 v _06611_/C1 (sky130_fd_sc_hd__a211oi_1)
     1    0.00    0.17    0.16    4.95 ^ _06611_/Y (sky130_fd_sc_hd__a211oi_1)
                                         _03286_ (net)
                  0.17    0.00    4.95 ^ _06612_/B1 (sky130_fd_sc_hd__o21ai_0)
     2    0.00    0.10    0.13    5.08 v _06612_/Y (sky130_fd_sc_hd__o21ai_0)
                                         _03287_ (net)
                  0.10    0.00    5.08 v _06617_/C1 (sky130_fd_sc_hd__a2111oi_0)
     1    0.00    0.34    0.35    5.43 ^ _06617_/Y (sky130_fd_sc_hd__a2111oi_0)
                                         _03292_ (net)
                  0.34    0.00    5.43 ^ _06621_/A2 (sky130_fd_sc_hd__a21oi_1)
     2    0.01    0.11    0.15    5.58 v _06621_/Y (sky130_fd_sc_hd__a21oi_1)
                                         _03296_ (net)
                  0.11    0.00    5.58 v _06629_/A3 (sky130_fd_sc_hd__a31o_1)
     3    0.01    0.06    0.26    5.83 v _06629_/X (sky130_fd_sc_hd__a31o_1)
                                         _03304_ (net)
                  0.06    0.00    5.83 v _06630_/A3 (sky130_fd_sc_hd__a31o_2)
     4    0.03    0.09    0.31    6.15 v _06630_/X (sky130_fd_sc_hd__a31o_2)
                                         _03305_ (net)
                  0.09    0.00    6.15 v _06678_/A1 (sky130_fd_sc_hd__a2111oi_4)
     1    0.01    0.26    0.31    6.46 ^ _06678_/Y (sky130_fd_sc_hd__a2111oi_4)
                                         _03343_ (net)
                  0.26    0.00    6.46 ^ _06679_/C (sky130_fd_sc_hd__nor3_2)
     5    0.02    0.09    0.12    6.58 v _06679_/Y (sky130_fd_sc_hd__nor3_2)
                                         _03344_ (net)
                  0.09    0.00    6.58 v _06689_/A (sky130_fd_sc_hd__nor2_1)
     1    0.00    0.11    0.12    6.70 ^ _06689_/Y (sky130_fd_sc_hd__nor2_1)
                                         _03352_ (net)
                  0.11    0.00    6.70 ^ _06690_/B (sky130_fd_sc_hd__nor2_1)
     1    0.00    0.04    0.05    6.75 v _06690_/Y (sky130_fd_sc_hd__nor2_1)
                                         _03353_ (net)
                  0.04    0.00    6.75 v _06691_/B1 (sky130_fd_sc_hd__a21oi_1)
     2    0.01    0.21    0.19    6.94 ^ _06691_/Y (sky130_fd_sc_hd__a21oi_1)
                                         _03354_ (net)
                  0.21    0.00    6.94 ^ _06699_/A (sky130_fd_sc_hd__xor2_1)
     2    0.01    0.08    0.12    7.06 v _06699_/X (sky130_fd_sc_hd__xor2_1)
                                         _01902_ (net)
                  0.08    0.00    7.06 v _10559_/B (sky130_fd_sc_hd__ha_1)
     6    0.02    0.21    0.41    7.47 ^ _10559_/SUM (sky130_fd_sc_hd__ha_1)
                                         _01904_ (net)
                  0.21    0.00    7.47 ^ _09202_/B1 (sky130_fd_sc_hd__o21ai_0)
     2    0.01    0.12    0.16    7.63 v _09202_/Y (sky130_fd_sc_hd__o21ai_0)
                                         _04536_ (net)
                  0.12    0.00    7.63 v _09203_/A2 (sky130_fd_sc_hd__a21oi_1)
     2    0.01    0.16    0.21    7.83 ^ _09203_/Y (sky130_fd_sc_hd__a21oi_1)
                                         _04537_ (net)
                  0.16    0.00    7.83 ^ _09204_/A2 (sky130_fd_sc_hd__o21ai_0)
     2    0.01    0.12    0.13    7.96 v _09204_/Y (sky130_fd_sc_hd__o21ai_0)
                                         _04538_ (net)
                  0.12    0.00    7.96 v _09205_/A2 (sky130_fd_sc_hd__a21oi_1)
     2    0.01    0.15    0.20    8.16 ^ _09205_/Y (sky130_fd_sc_hd__a21oi_1)
                                         _04539_ (net)
                  0.15    0.00    8.16 ^ _09206_/A2 (sky130_fd_sc_hd__o21ai_0)
     2    0.01    0.13    0.14    8.31 v _09206_/Y (sky130_fd_sc_hd__o21ai_0)
                                         _04540_ (net)
                  0.13    0.00    8.31 v _09207_/A2 (sky130_fd_sc_hd__a21oi_1)
     2    0.01    0.15    0.21    8.51 ^ _09207_/Y (sky130_fd_sc_hd__a21oi_1)
                                         _04541_ (net)
                  0.15    0.00    8.51 ^ _09224_/A2 (sky130_fd_sc_hd__o21ai_0)
     2    0.00    0.10    0.11    8.62 v _09224_/Y (sky130_fd_sc_hd__o21ai_0)
                                         _04556_ (net)
                  0.10    0.00    8.62 v _09225_/A2 (sky130_fd_sc_hd__a21oi_1)
     2    0.01    0.21    0.24    8.86 ^ _09225_/Y (sky130_fd_sc_hd__a21oi_1)
                                         _04557_ (net)
                  0.21    0.00    8.86 ^ _09232_/A2 (sky130_fd_sc_hd__o21a_1)
     1    0.00    0.05    0.14    9.00 ^ _09232_/X (sky130_fd_sc_hd__o21a_1)
                                         _04562_ (net)
                  0.05    0.00    9.00 ^ _09233_/B (sky130_fd_sc_hd__nor2_1)
     2    0.01    0.04    0.05    9.05 v _09233_/Y (sky130_fd_sc_hd__nor2_1)
                                         _04563_ (net)
                  0.04    0.00    9.05 v _09241_/A_N (sky130_fd_sc_hd__nand2b_1)
     1    0.00    0.05    0.14    9.19 v _09241_/Y (sky130_fd_sc_hd__nand2b_1)
                                         _04569_ (net)
                  0.05    0.00    9.19 v _09244_/A2 (sky130_fd_sc_hd__a31o_2)
     1    0.00    0.04    0.22    9.41 v _09244_/X (sky130_fd_sc_hd__a31o_2)
                                         stage3_out[207] (net)
                  0.04    0.00    9.41 v out_flat[207]$_DFF_PN0_/D (sky130_fd_sc_hd__dfrtp_1)
                                  9.41   data arrival time

                  0.00   10.00   10.00   clock clk (rise edge)
                          0.00   10.00   clock network delay (ideal)
                          0.00   10.00   clock reconvergence pessimism
                                 10.00 ^ out_flat[207]$_DFF_PN0_/CLK (sky130_fd_sc_hd__dfrtp_1)
                         -0.12    9.88   library setup time
                                  9.88   data required time
-----------------------------------------------------------------------------
                                  9.88   data required time
                                 -9.41   data arrival time
-----------------------------------------------------------------------------
                                  0.47   slack (MET)



==========================================================================
global place report_power
--------------------------------------------------------------------------
Group                  Internal  Switching    Leakage      Total
                          Power      Power      Power      Power (Watts)
----------------------------------------------------------------
Sequential             7.21e-03   5.10e-04   7.22e-09   7.72e-03   3.3%
Combinational          9.76e-02   1.30e-01   2.42e-08   2.27e-01  96.7%
Clock                  0.00e+00   0.00e+00   0.00e+00   0.00e+00   0.0%
Macro                  0.00e+00   0.00e+00   0.00e+00   0.00e+00   0.0%
Pad                    0.00e+00   0.00e+00   0.00e+00   0.00e+00   0.0%
----------------------------------------------------------------
Total                  1.05e-01   1.30e-01   3.15e-08   2.35e-01 100.0%
                          44.6%      55.4%       0.0%
