
==========================================================================
cts final report_tns
--------------------------------------------------------------------------
tns max 0.00

==========================================================================
cts final report_wns
--------------------------------------------------------------------------
wns max 0.00

==========================================================================
cts final report_worst_slack
--------------------------------------------------------------------------
worst slack max 0.28

==========================================================================
cts final report_clock_min_period
--------------------------------------------------------------------------
clk period_min = 9.72 fmax = 102.85

==========================================================================
cts final report_clock_skew
--------------------------------------------------------------------------
Clock clk
   0.71 source latency stage3_in_r[79]$_DFF_PN0_/CLK ^
  -0.66 target latency out_flat[92]$_DFF_PN0_/CLK ^
   0.00 CRPR
--------------
   0.06 setup skew


==========================================================================
cts final report_checks -path_delay min
--------------------------------------------------------------------------
Startpoint: v2$_DFF_PN0_ (rising edge-triggered flip-flop clocked by clk)
Endpoint: v3$_DFF_PN0_ (rising edge-triggered flip-flop clocked by clk)
Path Group: clk
Path Type: min

Fanout     Cap    Slew   Delay    Time   Description
-----------------------------------------------------------------------------
                          0.00    0.00   clock clk (rise edge)
                          0.00    0.00   clock source latency
     1    0.07    0.00    0.00    0.00 ^ clk (in)
                                         clk (net)
                  0.00    0.00    0.00 ^ clkbuf_0_clk/A (sky130_fd_sc_hd__clkbuf_16)
     8    0.19    0.20    0.24    0.24 ^ clkbuf_0_clk/X (sky130_fd_sc_hd__clkbuf_16)
                                         clknet_0_clk (net)
                  0.20    0.00    0.24 ^ clkbuf_3_0__f_clk/A (sky130_fd_sc_hd__clkbuf_16)
    10    0.14    0.15    0.27    0.51 ^ clkbuf_3_0__f_clk/X (sky130_fd_sc_hd__clkbuf_16)
                                         clknet_3_0__leaf_clk (net)
                  0.15    0.00    0.51 ^ clkbuf_leaf_57_clk/A (sky130_fd_sc_hd__clkbuf_16)
    13    0.04    0.06    0.18    0.68 ^ clkbuf_leaf_57_clk/X (sky130_fd_sc_hd__clkbuf_16)
                                         clknet_leaf_57_clk (net)
                  0.06    0.00    0.69 ^ v2$_DFF_PN0_/CLK (sky130_fd_sc_hd__dfrtp_1)
     1    0.00    0.04    0.32    1.00 ^ v2$_DFF_PN0_/Q (sky130_fd_sc_hd__dfrtp_1)
                                         v2 (net)
                  0.04    0.00    1.00 ^ v3$_DFF_PN0_/D (sky130_fd_sc_hd__dfrtp_1)
                                  1.00   data arrival time

                          0.00    0.00   clock clk (rise edge)
                          0.00    0.00   clock source latency
     1    0.07    0.00    0.00    0.00 ^ clk (in)
                                         clk (net)
                  0.00    0.00    0.00 ^ clkbuf_0_clk/A (sky130_fd_sc_hd__clkbuf_16)
     8    0.19    0.20    0.24    0.24 ^ clkbuf_0_clk/X (sky130_fd_sc_hd__clkbuf_16)
                                         clknet_0_clk (net)
                  0.20    0.00    0.24 ^ clkbuf_3_0__f_clk/A (sky130_fd_sc_hd__clkbuf_16)
    10    0.14    0.15    0.27    0.51 ^ clkbuf_3_0__f_clk/X (sky130_fd_sc_hd__clkbuf_16)
                                         clknet_3_0__leaf_clk (net)
                  0.15    0.00    0.51 ^ clkbuf_leaf_56_clk/A (sky130_fd_sc_hd__clkbuf_16)
    14    0.04    0.06    0.18    0.69 ^ clkbuf_leaf_56_clk/X (sky130_fd_sc_hd__clkbuf_16)
                                         clknet_leaf_56_clk (net)
                  0.06    0.00    0.69 ^ v3$_DFF_PN0_/CLK (sky130_fd_sc_hd__dfrtp_1)
                          0.00    0.69   clock reconvergence pessimism
                         -0.03    0.65   library hold time
                                  0.65   data required time
-----------------------------------------------------------------------------
                                  0.65   data required time
                                 -1.00   data arrival time
-----------------------------------------------------------------------------
                                  0.35   slack (MET)



==========================================================================
cts final report_checks -path_delay max
--------------------------------------------------------------------------
Startpoint: stage3_in_r[86]$_DFF_PN0_
            (rising edge-triggered flip-flop clocked by clk)
Endpoint: out_flat[207]$_DFF_PN0_
          (rising edge-triggered flip-flop clocked by clk)
Path Group: clk
Path Type: max

Fanout     Cap    Slew   Delay    Time   Description
-----------------------------------------------------------------------------
                          0.00    0.00   clock clk (rise edge)
                          0.00    0.00   clock source latency
     1    0.07    0.00    0.00    0.00 ^ clk (in)
                                         clk (net)
                  0.00    0.00    0.00 ^ clkbuf_0_clk/A (sky130_fd_sc_hd__clkbuf_16)
     8    0.19    0.20    0.24    0.24 ^ clkbuf_0_clk/X (sky130_fd_sc_hd__clkbuf_16)
                                         clknet_0_clk (net)
                  0.20    0.00    0.24 ^ clkbuf_3_3__f_clk/A (sky130_fd_sc_hd__clkbuf_16)
    10    0.12    0.14    0.26    0.50 ^ clkbuf_3_3__f_clk/X (sky130_fd_sc_hd__clkbuf_16)
                                         clknet_3_3__leaf_clk (net)
                  0.14    0.00    0.50 ^ clkbuf_leaf_31_clk/A (sky130_fd_sc_hd__clkbuf_16)
     8    0.04    0.06    0.17    0.67 ^ clkbuf_leaf_31_clk/X (sky130_fd_sc_hd__clkbuf_16)
                                         clknet_leaf_31_clk (net)
                  0.06    0.00    0.67 ^ stage3_in_r[86]$_DFF_PN0_/CLK (sky130_fd_sc_hd__dfrtp_1)
     2    0.01    0.05    0.37    1.04 v stage3_in_r[86]$_DFF_PN0_/Q (sky130_fd_sc_hd__dfrtp_1)
                                         stage3_in_r[22] (net)
                  0.05    0.00    1.04 v _07494_/A (sky130_fd_sc_hd__inv_1)
     5    0.03    0.29    0.23    1.27 ^ _07494_/Y (sky130_fd_sc_hd__inv_1)
                                         _00034_ (net)
                  0.29    0.00    1.28 ^ _09724_/B (sky130_fd_sc_hd__fa_1)
     2    0.01    0.13    0.53    1.80 v _09724_/SUM (sky130_fd_sc_hd__fa_1)
                                         _04942_ (net)
                  0.13    0.00    1.80 v _09728_/B (sky130_fd_sc_hd__fa_1)
     1    0.00    0.06    0.53    2.34 ^ _09728_/SUM (sky130_fd_sc_hd__fa_1)
                                         _00081_ (net)
                  0.06    0.00    2.34 ^ _07722_/A (sky130_fd_sc_hd__inv_1)
     1    0.00    0.03    0.04    2.38 v _07722_/Y (sky130_fd_sc_hd__inv_1)
                                         _01154_ (net)
                  0.03    0.00    2.38 v _10157_/B (sky130_fd_sc_hd__ha_1)
     1    0.00    0.04    0.26    2.64 ^ _10157_/SUM (sky130_fd_sc_hd__ha_1)
                                         _01155_ (net)
                  0.04    0.00    2.64 ^ _07058_/A (sky130_fd_sc_hd__inv_1)
     1    0.01    0.04    0.05    2.69 v _07058_/Y (sky130_fd_sc_hd__inv_1)
                                         _00086_ (net)
                  0.04    0.00    2.69 v _09732_/A (sky130_fd_sc_hd__fa_1)
     1    0.00    0.06    0.53    3.22 ^ _09732_/SUM (sky130_fd_sc_hd__fa_1)
                                         _00088_ (net)
                  0.06    0.00    3.22 ^ _07726_/A (sky130_fd_sc_hd__inv_1)
     1    0.00    0.03    0.05    3.26 v _07726_/Y (sky130_fd_sc_hd__inv_1)
                                         _00099_ (net)
                  0.03    0.00    3.26 v _09736_/CIN (sky130_fd_sc_hd__fa_1)
     1    0.00    0.05    0.47    3.73 ^ _09736_/SUM (sky130_fd_sc_hd__fa_1)
                                         _00101_ (net)
                  0.05    0.00    3.73 ^ _07165_/A (sky130_fd_sc_hd__inv_1)
     1    0.01    0.04    0.05    3.78 v _07165_/Y (sky130_fd_sc_hd__inv_1)
                                         _00107_ (net)
                  0.04    0.00    3.78 v _09739_/CIN (sky130_fd_sc_hd__fa_1)
     1    0.00    0.06    0.47    4.26 ^ _09739_/SUM (sky130_fd_sc_hd__fa_1)
                                         _00109_ (net)
                  0.06    0.00    4.26 ^ _07731_/A (sky130_fd_sc_hd__inv_1)
     1    0.00    0.03    0.04    4.30 v _07731_/Y (sky130_fd_sc_hd__inv_1)
                                         _01179_ (net)
                  0.03    0.00    4.30 v _10175_/B (sky130_fd_sc_hd__ha_1)
     6    0.02    0.13    0.35    4.65 v _10175_/SUM (sky130_fd_sc_hd__ha_1)
                                         _01181_ (net)
                  0.13    0.00    4.65 v _06081_/A1 (sky130_fd_sc_hd__o21ai_0)
     1    0.00    0.14    0.19    4.84 ^ _06081_/Y (sky130_fd_sc_hd__o21ai_0)
                                         _02912_ (net)
                  0.14    0.00    4.84 ^ _06082_/B (sky130_fd_sc_hd__nand2b_1)
     2    0.01    0.06    0.09    4.93 v _06082_/Y (sky130_fd_sc_hd__nand2b_1)
                                         _02913_ (net)
                  0.06    0.00    4.93 v _06083_/B (sky130_fd_sc_hd__nand2b_1)
     3    0.02    0.19    0.17    5.11 ^ _06083_/Y (sky130_fd_sc_hd__nand2b_1)
                                         _02914_ (net)
                  0.19    0.00    5.11 ^ _07819_/B (sky130_fd_sc_hd__xnor2_1)
     3    0.02    0.14    0.17    5.28 v _07819_/Y (sky130_fd_sc_hd__xnor2_1)
                                         _01607_ (net)
                  0.14    0.00    5.28 v _10523_/B (sky130_fd_sc_hd__ha_1)
     2    0.01    0.06    0.24    5.52 v _10523_/COUT (sky130_fd_sc_hd__ha_1)
                                         _01856_ (net)
                  0.06    0.00    5.52 v _06611_/C1 (sky130_fd_sc_hd__a211oi_1)
     1    0.00    0.17    0.16    5.68 ^ _06611_/Y (sky130_fd_sc_hd__a211oi_1)
                                         _03286_ (net)
                  0.17    0.00    5.68 ^ _06612_/B1 (sky130_fd_sc_hd__o21ai_0)
     2    0.01    0.11    0.15    5.83 v _06612_/Y (sky130_fd_sc_hd__o21ai_0)
                                         _03287_ (net)
                  0.11    0.00    5.83 v _06617_/C1 (sky130_fd_sc_hd__a2111oi_0)
     1    0.00    0.38    0.38    6.21 ^ _06617_/Y (sky130_fd_sc_hd__a2111oi_0)
                                         _03292_ (net)
                  0.38    0.00    6.21 ^ _06621_/A2 (sky130_fd_sc_hd__a21oi_1)
     2    0.01    0.11    0.16    6.37 v _06621_/Y (sky130_fd_sc_hd__a21oi_1)
                                         _03296_ (net)
                  0.11    0.00    6.37 v _06629_/A3 (sky130_fd_sc_hd__a31o_1)
     3    0.01    0.06    0.26    6.63 v _06629_/X (sky130_fd_sc_hd__a31o_1)
                                         _03304_ (net)
                  0.06    0.00    6.63 v _06630_/A3 (sky130_fd_sc_hd__a31o_2)
     4    0.03    0.09    0.31    6.95 v _06630_/X (sky130_fd_sc_hd__a31o_2)
                                         _03305_ (net)
                  0.09    0.00    6.95 v _06678_/A1 (sky130_fd_sc_hd__a2111oi_4)
     1    0.01    0.27    0.32    7.27 ^ _06678_/Y (sky130_fd_sc_hd__a2111oi_4)
                                         _03343_ (net)
                  0.27    0.00    7.27 ^ _06679_/C (sky130_fd_sc_hd__nor3_2)
     5    0.02    0.09    0.12    7.39 v _06679_/Y (sky130_fd_sc_hd__nor3_2)
                                         _03344_ (net)
                  0.09    0.00    7.39 v _06689_/A (sky130_fd_sc_hd__nor2_1)
     1    0.00    0.09    0.11    7.51 ^ _06689_/Y (sky130_fd_sc_hd__nor2_1)
                                         _03352_ (net)
                  0.09    0.00    7.51 ^ _06690_/B (sky130_fd_sc_hd__nor2_1)
     1    0.00    0.04    0.05    7.55 v _06690_/Y (sky130_fd_sc_hd__nor2_1)
                                         _03353_ (net)
                  0.04    0.00    7.55 v _06691_/B1 (sky130_fd_sc_hd__a21oi_1)
     2    0.01    0.20    0.18    7.74 ^ _06691_/Y (sky130_fd_sc_hd__a21oi_1)
                                         _03354_ (net)
                  0.20    0.00    7.74 ^ _06703_/A1 (sky130_fd_sc_hd__a21oi_1)
     1    0.00    0.08    0.11    7.84 v _06703_/Y (sky130_fd_sc_hd__a21oi_1)
                                         _03364_ (net)
                  0.08    0.00    7.84 v _06709_/A (sky130_fd_sc_hd__xnor2_1)
     2    0.01    0.07    0.15    8.00 v _06709_/Y (sky130_fd_sc_hd__xnor2_1)
                                         _01910_ (net)
                  0.07    0.00    8.00 v _10566_/B (sky130_fd_sc_hd__ha_1)
     6    0.02    0.19    0.39    8.39 ^ _10566_/SUM (sky130_fd_sc_hd__ha_1)
                                         _01912_ (net)
                  0.19    0.00    8.39 ^ _09050_/A (sky130_fd_sc_hd__inv_1)
     3    0.01    0.07    0.09    8.48 v _09050_/Y (sky130_fd_sc_hd__inv_1)
                                         _04414_ (net)
                  0.07    0.00    8.48 v _09203_/B1 (sky130_fd_sc_hd__a21oi_1)
     2    0.01    0.17    0.17    8.65 ^ _09203_/Y (sky130_fd_sc_hd__a21oi_1)
                                         _04537_ (net)
                  0.17    0.00    8.65 ^ _09204_/A2 (sky130_fd_sc_hd__o21ai_0)
     2    0.01    0.13    0.14    8.79 v _09204_/Y (sky130_fd_sc_hd__o21ai_0)
                                         _04538_ (net)
                  0.13    0.00    8.79 v _09205_/A2 (sky130_fd_sc_hd__a21oi_1)
     2    0.01    0.16    0.21    9.00 ^ _09205_/Y (sky130_fd_sc_hd__a21oi_1)
                                         _04539_ (net)
                  0.16    0.00    9.00 ^ _09206_/A2 (sky130_fd_sc_hd__o21ai_0)
     2    0.01    0.15    0.16    9.16 v _09206_/Y (sky130_fd_sc_hd__o21ai_0)
                                         _04540_ (net)
                  0.15    0.00    9.16 v _09207_/A2 (sky130_fd_sc_hd__a21oi_1)
     2    0.01    0.16    0.22    9.38 ^ _09207_/Y (sky130_fd_sc_hd__a21oi_1)
                                         _04541_ (net)
                  0.16    0.00    9.38 ^ _09224_/A2 (sky130_fd_sc_hd__o21ai_0)
     2    0.01    0.11    0.12    9.50 v _09224_/Y (sky130_fd_sc_hd__o21ai_0)
                                         _04556_ (net)
                  0.11    0.00    9.50 v _09225_/A2 (sky130_fd_sc_hd__a21oi_1)
     2    0.01    0.18    0.22    9.73 ^ _09225_/Y (sky130_fd_sc_hd__a21oi_1)
                                         _04557_ (net)
                  0.18    0.00    9.73 ^ _09232_/A2 (sky130_fd_sc_hd__o21a_1)
     1    0.00    0.05    0.14    9.87 ^ _09232_/X (sky130_fd_sc_hd__o21a_1)
                                         _04562_ (net)
                  0.05    0.00    9.87 ^ _09233_/B (sky130_fd_sc_hd__nor2_1)
     2    0.01    0.04    0.05    9.92 v _09233_/Y (sky130_fd_sc_hd__nor2_1)
                                         _04563_ (net)
                  0.04    0.00    9.92 v _09241_/A_N (sky130_fd_sc_hd__nand2b_1)
     1    0.00    0.05    0.13   10.05 v _09241_/Y (sky130_fd_sc_hd__nand2b_1)
                                         _04569_ (net)
                  0.05    0.00   10.05 v _09244_/A2 (sky130_fd_sc_hd__a31o_2)
     1    0.00    0.04    0.23   10.28 v _09244_/X (sky130_fd_sc_hd__a31o_2)
                                         stage3_out[207] (net)
                  0.04    0.00   10.28 v out_flat[207]$_DFF_PN0_/D (sky130_fd_sc_hd__dfrtp_1)
                                 10.28   data arrival time

                         10.00   10.00   clock clk (rise edge)
                          0.00   10.00   clock source latency
     1    0.07    0.00    0.00   10.00 ^ clk (in)
                                         clk (net)
                  0.00    0.00   10.00 ^ clkbuf_0_clk/A (sky130_fd_sc_hd__clkbuf_16)
     8    0.19    0.20    0.24   10.24 ^ clkbuf_0_clk/X (sky130_fd_sc_hd__clkbuf_16)
                                         clknet_0_clk (net)
                  0.20    0.00   10.24 ^ clkbuf_3_5__f_clk/A (sky130_fd_sc_hd__clkbuf_16)
     9    0.12    0.13    0.25   10.49 ^ clkbuf_3_5__f_clk/X (sky130_fd_sc_hd__clkbuf_16)
                                         clknet_3_5__leaf_clk (net)
                  0.13    0.00   10.50 ^ clkbuf_leaf_41_clk/A (sky130_fd_sc_hd__clkbuf_16)
    12    0.04    0.06    0.17   10.67 ^ clkbuf_leaf_41_clk/X (sky130_fd_sc_hd__clkbuf_16)
                                         clknet_leaf_41_clk (net)
                  0.06    0.00   10.67 ^ out_flat[207]$_DFF_PN0_/CLK (sky130_fd_sc_hd__dfrtp_1)
                          0.00   10.67   clock reconvergence pessimism
                         -0.11   10.56   library setup time
                                 10.56   data required time
-----------------------------------------------------------------------------
                                 10.56   data required time
                                -10.28   data arrival time
-----------------------------------------------------------------------------
                                  0.28   slack (MET)



==========================================================================
cts final report_checks -unconstrained
--------------------------------------------------------------------------
Startpoint: stage3_in_r[86]$_DFF_PN0_
            (rising edge-triggered flip-flop clocked by clk)
Endpoint: out_flat[207]$_DFF_PN0_
          (rising edge-triggered flip-flop clocked by clk)
Path Group: clk
Path Type: max

Fanout     Cap    Slew   Delay    Time   Description
-----------------------------------------------------------------------------
                          0.00    0.00   clock clk (rise edge)
                          0.00    0.00   clock source latency
     1    0.07    0.00    0.00    0.00 ^ clk (in)
                                         clk (net)
                  0.00    0.00    0.00 ^ clkbuf_0_clk/A (sky130_fd_sc_hd__clkbuf_16)
     8    0.19    0.20    0.24    0.24 ^ clkbuf_0_clk/X (sky130_fd_sc_hd__clkbuf_16)
                                         clknet_0_clk (net)
                  0.20    0.00    0.24 ^ clkbuf_3_3__f_clk/A (sky130_fd_sc_hd__clkbuf_16)
    10    0.12    0.14    0.26    0.50 ^ clkbuf_3_3__f_clk/X (sky130_fd_sc_hd__clkbuf_16)
                                         clknet_3_3__leaf_clk (net)
                  0.14    0.00    0.50 ^ clkbuf_leaf_31_clk/A (sky130_fd_sc_hd__clkbuf_16)
     8    0.04    0.06    0.17    0.67 ^ clkbuf_leaf_31_clk/X (sky130_fd_sc_hd__clkbuf_16)
                                         clknet_leaf_31_clk (net)
                  0.06    0.00    0.67 ^ stage3_in_r[86]$_DFF_PN0_/CLK (sky130_fd_sc_hd__dfrtp_1)
     2    0.01    0.05    0.37    1.04 v stage3_in_r[86]$_DFF_PN0_/Q (sky130_fd_sc_hd__dfrtp_1)
                                         stage3_in_r[22] (net)
                  0.05    0.00    1.04 v _07494_/A (sky130_fd_sc_hd__inv_1)
     5    0.03    0.29    0.23    1.27 ^ _07494_/Y (sky130_fd_sc_hd__inv_1)
                                         _00034_ (net)
                  0.29    0.00    1.28 ^ _09724_/B (sky130_fd_sc_hd__fa_1)
     2    0.01    0.13    0.53    1.80 v _09724_/SUM (sky130_fd_sc_hd__fa_1)
                                         _04942_ (net)
                  0.13    0.00    1.80 v _09728_/B (sky130_fd_sc_hd__fa_1)
     1    0.00    0.06    0.53    2.34 ^ _09728_/SUM (sky130_fd_sc_hd__fa_1)
                                         _00081_ (net)
                  0.06    0.00    2.34 ^ _07722_/A (sky130_fd_sc_hd__inv_1)
     1    0.00    0.03    0.04    2.38 v _07722_/Y (sky130_fd_sc_hd__inv_1)
                                         _01154_ (net)
                  0.03    0.00    2.38 v _10157_/B (sky130_fd_sc_hd__ha_1)
     1    0.00    0.04    0.26    2.64 ^ _10157_/SUM (sky130_fd_sc_hd__ha_1)
                                         _01155_ (net)
                  0.04    0.00    2.64 ^ _07058_/A (sky130_fd_sc_hd__inv_1)
     1    0.01    0.04    0.05    2.69 v _07058_/Y (sky130_fd_sc_hd__inv_1)
                                         _00086_ (net)
                  0.04    0.00    2.69 v _09732_/A (sky130_fd_sc_hd__fa_1)
     1    0.00    0.06    0.53    3.22 ^ _09732_/SUM (sky130_fd_sc_hd__fa_1)
                                         _00088_ (net)
                  0.06    0.00    3.22 ^ _07726_/A (sky130_fd_sc_hd__inv_1)
     1    0.00    0.03    0.05    3.26 v _07726_/Y (sky130_fd_sc_hd__inv_1)
                                         _00099_ (net)
                  0.03    0.00    3.26 v _09736_/CIN (sky130_fd_sc_hd__fa_1)
     1    0.00    0.05    0.47    3.73 ^ _09736_/SUM (sky130_fd_sc_hd__fa_1)
                                         _00101_ (net)
                  0.05    0.00    3.73 ^ _07165_/A (sky130_fd_sc_hd__inv_1)
     1    0.01    0.04    0.05    3.78 v _07165_/Y (sky130_fd_sc_hd__inv_1)
                                         _00107_ (net)
                  0.04    0.00    3.78 v _09739_/CIN (sky130_fd_sc_hd__fa_1)
     1    0.00    0.06    0.47    4.26 ^ _09739_/SUM (sky130_fd_sc_hd__fa_1)
                                         _00109_ (net)
                  0.06    0.00    4.26 ^ _07731_/A (sky130_fd_sc_hd__inv_1)
     1    0.00    0.03    0.04    4.30 v _07731_/Y (sky130_fd_sc_hd__inv_1)
                                         _01179_ (net)
                  0.03    0.00    4.30 v _10175_/B (sky130_fd_sc_hd__ha_1)
     6    0.02    0.13    0.35    4.65 v _10175_/SUM (sky130_fd_sc_hd__ha_1)
                                         _01181_ (net)
                  0.13    0.00    4.65 v _06081_/A1 (sky130_fd_sc_hd__o21ai_0)
     1    0.00    0.14    0.19    4.84 ^ _06081_/Y (sky130_fd_sc_hd__o21ai_0)
                                         _02912_ (net)
                  0.14    0.00    4.84 ^ _06082_/B (sky130_fd_sc_hd__nand2b_1)
     2    0.01    0.06    0.09    4.93 v _06082_/Y (sky130_fd_sc_hd__nand2b_1)
                                         _02913_ (net)
                  0.06    0.00    4.93 v _06083_/B (sky130_fd_sc_hd__nand2b_1)
     3    0.02    0.19    0.17    5.11 ^ _06083_/Y (sky130_fd_sc_hd__nand2b_1)
                                         _02914_ (net)
                  0.19    0.00    5.11 ^ _07819_/B (sky130_fd_sc_hd__xnor2_1)
     3    0.02    0.14    0.17    5.28 v _07819_/Y (sky130_fd_sc_hd__xnor2_1)
                                         _01607_ (net)
                  0.14    0.00    5.28 v _10523_/B (sky130_fd_sc_hd__ha_1)
     2    0.01    0.06    0.24    5.52 v _10523_/COUT (sky130_fd_sc_hd__ha_1)
                                         _01856_ (net)
                  0.06    0.00    5.52 v _06611_/C1 (sky130_fd_sc_hd__a211oi_1)
     1    0.00    0.17    0.16    5.68 ^ _06611_/Y (sky130_fd_sc_hd__a211oi_1)
                                         _03286_ (net)
                  0.17    0.00    5.68 ^ _06612_/B1 (sky130_fd_sc_hd__o21ai_0)
     2    0.01    0.11    0.15    5.83 v _06612_/Y (sky130_fd_sc_hd__o21ai_0)
                                         _03287_ (net)
                  0.11    0.00    5.83 v _06617_/C1 (sky130_fd_sc_hd__a2111oi_0)
     1    0.00    0.38    0.38    6.21 ^ _06617_/Y (sky130_fd_sc_hd__a2111oi_0)
                                         _03292_ (net)
                  0.38    0.00    6.21 ^ _06621_/A2 (sky130_fd_sc_hd__a21oi_1)
     2    0.01    0.11    0.16    6.37 v _06621_/Y (sky130_fd_sc_hd__a21oi_1)
                                         _03296_ (net)
                  0.11    0.00    6.37 v _06629_/A3 (sky130_fd_sc_hd__a31o_1)
     3    0.01    0.06    0.26    6.63 v _06629_/X (sky130_fd_sc_hd__a31o_1)
                                         _03304_ (net)
                  0.06    0.00    6.63 v _06630_/A3 (sky130_fd_sc_hd__a31o_2)
     4    0.03    0.09    0.31    6.95 v _06630_/X (sky130_fd_sc_hd__a31o_2)
                                         _03305_ (net)
                  0.09    0.00    6.95 v _06678_/A1 (sky130_fd_sc_hd__a2111oi_4)
     1    0.01    0.27    0.32    7.27 ^ _06678_/Y (sky130_fd_sc_hd__a2111oi_4)
                                         _03343_ (net)
                  0.27    0.00    7.27 ^ _06679_/C (sky130_fd_sc_hd__nor3_2)
     5    0.02    0.09    0.12    7.39 v _06679_/Y (sky130_fd_sc_hd__nor3_2)
                                         _03344_ (net)
                  0.09    0.00    7.39 v _06689_/A (sky130_fd_sc_hd__nor2_1)
     1    0.00    0.09    0.11    7.51 ^ _06689_/Y (sky130_fd_sc_hd__nor2_1)
                                         _03352_ (net)
                  0.09    0.00    7.51 ^ _06690_/B (sky130_fd_sc_hd__nor2_1)
     1    0.00    0.04    0.05    7.55 v _06690_/Y (sky130_fd_sc_hd__nor2_1)
                                         _03353_ (net)
                  0.04    0.00    7.55 v _06691_/B1 (sky130_fd_sc_hd__a21oi_1)
     2    0.01    0.20    0.18    7.74 ^ _06691_/Y (sky130_fd_sc_hd__a21oi_1)
                                         _03354_ (net)
                  0.20    0.00    7.74 ^ _06703_/A1 (sky130_fd_sc_hd__a21oi_1)
     1    0.00    0.08    0.11    7.84 v _06703_/Y (sky130_fd_sc_hd__a21oi_1)
                                         _03364_ (net)
                  0.08    0.00    7.84 v _06709_/A (sky130_fd_sc_hd__xnor2_1)
     2    0.01    0.07    0.15    8.00 v _06709_/Y (sky130_fd_sc_hd__xnor2_1)
                                         _01910_ (net)
                  0.07    0.00    8.00 v _10566_/B (sky130_fd_sc_hd__ha_1)
     6    0.02    0.19    0.39    8.39 ^ _10566_/SUM (sky130_fd_sc_hd__ha_1)
                                         _01912_ (net)
                  0.19    0.00    8.39 ^ _09050_/A (sky130_fd_sc_hd__inv_1)
     3    0.01    0.07    0.09    8.48 v _09050_/Y (sky130_fd_sc_hd__inv_1)
                                         _04414_ (net)
                  0.07    0.00    8.48 v _09203_/B1 (sky130_fd_sc_hd__a21oi_1)
     2    0.01    0.17    0.17    8.65 ^ _09203_/Y (sky130_fd_sc_hd__a21oi_1)
                                         _04537_ (net)
                  0.17    0.00    8.65 ^ _09204_/A2 (sky130_fd_sc_hd__o21ai_0)
     2    0.01    0.13    0.14    8.79 v _09204_/Y (sky130_fd_sc_hd__o21ai_0)
                                         _04538_ (net)
                  0.13    0.00    8.79 v _09205_/A2 (sky130_fd_sc_hd__a21oi_1)
     2    0.01    0.16    0.21    9.00 ^ _09205_/Y (sky130_fd_sc_hd__a21oi_1)
                                         _04539_ (net)
                  0.16    0.00    9.00 ^ _09206_/A2 (sky130_fd_sc_hd__o21ai_0)
     2    0.01    0.15    0.16    9.16 v _09206_/Y (sky130_fd_sc_hd__o21ai_0)
                                         _04540_ (net)
                  0.15    0.00    9.16 v _09207_/A2 (sky130_fd_sc_hd__a21oi_1)
     2    0.01    0.16    0.22    9.38 ^ _09207_/Y (sky130_fd_sc_hd__a21oi_1)
                                         _04541_ (net)
                  0.16    0.00    9.38 ^ _09224_/A2 (sky130_fd_sc_hd__o21ai_0)
     2    0.01    0.11    0.12    9.50 v _09224_/Y (sky130_fd_sc_hd__o21ai_0)
                                         _04556_ (net)
                  0.11    0.00    9.50 v _09225_/A2 (sky130_fd_sc_hd__a21oi_1)
     2    0.01    0.18    0.22    9.73 ^ _09225_/Y (sky130_fd_sc_hd__a21oi_1)
                                         _04557_ (net)
                  0.18    0.00    9.73 ^ _09232_/A2 (sky130_fd_sc_hd__o21a_1)
     1    0.00    0.05    0.14    9.87 ^ _09232_/X (sky130_fd_sc_hd__o21a_1)
                                         _04562_ (net)
                  0.05    0.00    9.87 ^ _09233_/B (sky130_fd_sc_hd__nor2_1)
     2    0.01    0.04    0.05    9.92 v _09233_/Y (sky130_fd_sc_hd__nor2_1)
                                         _04563_ (net)
                  0.04    0.00    9.92 v _09241_/A_N (sky130_fd_sc_hd__nand2b_1)
     1    0.00    0.05    0.13   10.05 v _09241_/Y (sky130_fd_sc_hd__nand2b_1)
                                         _04569_ (net)
                  0.05    0.00   10.05 v _09244_/A2 (sky130_fd_sc_hd__a31o_2)
     1    0.00    0.04    0.23   10.28 v _09244_/X (sky130_fd_sc_hd__a31o_2)
                                         stage3_out[207] (net)
                  0.04    0.00   10.28 v out_flat[207]$_DFF_PN0_/D (sky130_fd_sc_hd__dfrtp_1)
                                 10.28   data arrival time

                         10.00   10.00   clock clk (rise edge)
                          0.00   10.00   clock source latency
     1    0.07    0.00    0.00   10.00 ^ clk (in)
                                         clk (net)
                  0.00    0.00   10.00 ^ clkbuf_0_clk/A (sky130_fd_sc_hd__clkbuf_16)
     8    0.19    0.20    0.24   10.24 ^ clkbuf_0_clk/X (sky130_fd_sc_hd__clkbuf_16)
                                         clknet_0_clk (net)
                  0.20    0.00   10.24 ^ clkbuf_3_5__f_clk/A (sky130_fd_sc_hd__clkbuf_16)
     9    0.12    0.13    0.25   10.49 ^ clkbuf_3_5__f_clk/X (sky130_fd_sc_hd__clkbuf_16)
                                         clknet_3_5__leaf_clk (net)
                  0.13    0.00   10.50 ^ clkbuf_leaf_41_clk/A (sky130_fd_sc_hd__clkbuf_16)
    12    0.04    0.06    0.17   10.67 ^ clkbuf_leaf_41_clk/X (sky130_fd_sc_hd__clkbuf_16)
                                         clknet_leaf_41_clk (net)
                  0.06    0.00   10.67 ^ out_flat[207]$_DFF_PN0_/CLK (sky130_fd_sc_hd__dfrtp_1)
                          0.00   10.67   clock reconvergence pessimism
                         -0.11   10.56   library setup time
                                 10.56   data required time
-----------------------------------------------------------------------------
                                 10.56   data required time
                                -10.28   data arrival time
-----------------------------------------------------------------------------
                                  0.28   slack (MET)



==========================================================================
cts final report_check_types -max_slew -max_cap -max_fanout -violators
--------------------------------------------------------------------------

==========================================================================
cts final max_slew_check_slack
--------------------------------------------------------------------------
0.575646698474884

==========================================================================
cts final max_slew_check_limit
--------------------------------------------------------------------------
1.4892979860305786

==========================================================================
cts final max_slew_check_slack_limit
--------------------------------------------------------------------------
0.3865

==========================================================================
cts final max_fanout_check_slack
--------------------------------------------------------------------------
1.0000000150474662e+30

==========================================================================
cts final max_fanout_check_limit
--------------------------------------------------------------------------
1.0000000150474662e+30

==========================================================================
cts final max_capacitance_check_slack
--------------------------------------------------------------------------
0.0119328573346138

==========================================================================
cts final max_capacitance_check_limit
--------------------------------------------------------------------------
0.021067000925540924

==========================================================================
cts final max_capacitance_check_slack_limit
--------------------------------------------------------------------------
0.5664

==========================================================================
cts final max_slew_violation_count
--------------------------------------------------------------------------
max slew violation count 0

==========================================================================
cts final max_fanout_violation_count
--------------------------------------------------------------------------
max fanout violation count 0

==========================================================================
cts final max_cap_violation_count
--------------------------------------------------------------------------
max cap violation count 0

==========================================================================
cts final setup_violation_count
--------------------------------------------------------------------------
setup violation count 0

==========================================================================
cts final hold_violation_count
--------------------------------------------------------------------------
hold violation count 0

==========================================================================
cts final report_checks -path_delay max reg to reg
--------------------------------------------------------------------------
Startpoint: stage3_in_r[86]$_DFF_PN0_
            (rising edge-triggered flip-flop clocked by clk)
Endpoint: out_flat[207]$_DFF_PN0_
          (rising edge-triggered flip-flop clocked by clk)
Path Group: clk
Path Type: max

  Delay    Time   Description
---------------------------------------------------------
   0.00    0.00   clock clk (rise edge)
   0.00    0.00   clock source latency
   0.00    0.00 ^ clk (in)
   0.24    0.24 ^ clkbuf_0_clk/X (sky130_fd_sc_hd__clkbuf_16)
   0.26    0.50 ^ clkbuf_3_3__f_clk/X (sky130_fd_sc_hd__clkbuf_16)
   0.17    0.67 ^ clkbuf_leaf_31_clk/X (sky130_fd_sc_hd__clkbuf_16)
   0.00    0.67 ^ stage3_in_r[86]$_DFF_PN0_/CLK (sky130_fd_sc_hd__dfrtp_1)
   0.37    1.04 v stage3_in_r[86]$_DFF_PN0_/Q (sky130_fd_sc_hd__dfrtp_1)
   0.23    1.27 ^ _07494_/Y (sky130_fd_sc_hd__inv_1)
   0.53    1.80 v _09724_/SUM (sky130_fd_sc_hd__fa_1)
   0.53    2.34 ^ _09728_/SUM (sky130_fd_sc_hd__fa_1)
   0.04    2.38 v _07722_/Y (sky130_fd_sc_hd__inv_1)
   0.26    2.64 ^ _10157_/SUM (sky130_fd_sc_hd__ha_1)
   0.05    2.69 v _07058_/Y (sky130_fd_sc_hd__inv_1)
   0.53    3.22 ^ _09732_/SUM (sky130_fd_sc_hd__fa_1)
   0.05    3.26 v _07726_/Y (sky130_fd_sc_hd__inv_1)
   0.47    3.73 ^ _09736_/SUM (sky130_fd_sc_hd__fa_1)
   0.05    3.78 v _07165_/Y (sky130_fd_sc_hd__inv_1)
   0.47    4.26 ^ _09739_/SUM (sky130_fd_sc_hd__fa_1)
   0.04    4.30 v _07731_/Y (sky130_fd_sc_hd__inv_1)
   0.35    4.65 v _10175_/SUM (sky130_fd_sc_hd__ha_1)
   0.19    4.84 ^ _06081_/Y (sky130_fd_sc_hd__o21ai_0)
   0.09    4.93 v _06082_/Y (sky130_fd_sc_hd__nand2b_1)
   0.17    5.11 ^ _06083_/Y (sky130_fd_sc_hd__nand2b_1)
   0.17    5.28 v _07819_/Y (sky130_fd_sc_hd__xnor2_1)
   0.24    5.52 v _10523_/COUT (sky130_fd_sc_hd__ha_1)
   0.16    5.68 ^ _06611_/Y (sky130_fd_sc_hd__a211oi_1)
   0.15    5.83 v _06612_/Y (sky130_fd_sc_hd__o21ai_0)
   0.38    6.21 ^ _06617_/Y (sky130_fd_sc_hd__a2111oi_0)
   0.16    6.37 v _06621_/Y (sky130_fd_sc_hd__a21oi_1)
   0.26    6.63 v _06629_/X (sky130_fd_sc_hd__a31o_1)
   0.31    6.95 v _06630_/X (sky130_fd_sc_hd__a31o_2)
   0.32    7.27 ^ _06678_/Y (sky130_fd_sc_hd__a2111oi_4)
   0.12    7.39 v _06679_/Y (sky130_fd_sc_hd__nor3_2)
   0.11    7.51 ^ _06689_/Y (sky130_fd_sc_hd__nor2_1)
   0.05    7.55 v _06690_/Y (sky130_fd_sc_hd__nor2_1)
   0.18    7.74 ^ _06691_/Y (sky130_fd_sc_hd__a21oi_1)
   0.11    7.84 v _06703_/Y (sky130_fd_sc_hd__a21oi_1)
   0.15    8.00 v _06709_/Y (sky130_fd_sc_hd__xnor2_1)
   0.39    8.39 ^ _10566_/SUM (sky130_fd_sc_hd__ha_1)
   0.09    8.48 v _09050_/Y (sky130_fd_sc_hd__inv_1)
   0.17    8.65 ^ _09203_/Y (sky130_fd_sc_hd__a21oi_1)
   0.14    8.79 v _09204_/Y (sky130_fd_sc_hd__o21ai_0)
   0.21    9.00 ^ _09205_/Y (sky130_fd_sc_hd__a21oi_1)
   0.16    9.16 v _09206_/Y (sky130_fd_sc_hd__o21ai_0)
   0.22    9.38 ^ _09207_/Y (sky130_fd_sc_hd__a21oi_1)
   0.12    9.50 v _09224_/Y (sky130_fd_sc_hd__o21ai_0)
   0.22    9.73 ^ _09225_/Y (sky130_fd_sc_hd__a21oi_1)
   0.14    9.87 ^ _09232_/X (sky130_fd_sc_hd__o21a_1)
   0.05    9.92 v _09233_/Y (sky130_fd_sc_hd__nor2_1)
   0.13   10.05 v _09241_/Y (sky130_fd_sc_hd__nand2b_1)
   0.23   10.28 v _09244_/X (sky130_fd_sc_hd__a31o_2)
   0.00   10.28 v out_flat[207]$_DFF_PN0_/D (sky130_fd_sc_hd__dfrtp_1)
          10.28   data arrival time

  10.00   10.00   clock clk (rise edge)
   0.00   10.00   clock source latency
   0.00   10.00 ^ clk (in)
   0.24   10.24 ^ clkbuf_0_clk/X (sky130_fd_sc_hd__clkbuf_16)
   0.26   10.49 ^ clkbuf_3_5__f_clk/X (sky130_fd_sc_hd__clkbuf_16)
   0.17   10.67 ^ clkbuf_leaf_41_clk/X (sky130_fd_sc_hd__clkbuf_16)
   0.00   10.67 ^ out_flat[207]$_DFF_PN0_/CLK (sky130_fd_sc_hd__dfrtp_1)
   0.00   10.67   clock reconvergence pessimism
  -0.11   10.56   library setup time
          10.56   data required time
---------------------------------------------------------
          10.56   data required time
         -10.28   data arrival time
---------------------------------------------------------
           0.28   slack (MET)



==========================================================================
cts final report_checks -path_delay min reg to reg
--------------------------------------------------------------------------
Startpoint: v2$_DFF_PN0_ (rising edge-triggered flip-flop clocked by clk)
Endpoint: v3$_DFF_PN0_ (rising edge-triggered flip-flop clocked by clk)
Path Group: clk
Path Type: min

  Delay    Time   Description
---------------------------------------------------------
   0.00    0.00   clock clk (rise edge)
   0.00    0.00   clock source latency
   0.00    0.00 ^ clk (in)
   0.24    0.24 ^ clkbuf_0_clk/X (sky130_fd_sc_hd__clkbuf_16)
   0.27    0.51 ^ clkbuf_3_0__f_clk/X (sky130_fd_sc_hd__clkbuf_16)
   0.18    0.68 ^ clkbuf_leaf_57_clk/X (sky130_fd_sc_hd__clkbuf_16)
   0.00    0.69 ^ v2$_DFF_PN0_/CLK (sky130_fd_sc_hd__dfrtp_1)
   0.32    1.00 ^ v2$_DFF_PN0_/Q (sky130_fd_sc_hd__dfrtp_1)
   0.00    1.00 ^ v3$_DFF_PN0_/D (sky130_fd_sc_hd__dfrtp_1)
           1.00   data arrival time

   0.00    0.00   clock clk (rise edge)
   0.00    0.00   clock source latency
   0.00    0.00 ^ clk (in)
   0.24    0.24 ^ clkbuf_0_clk/X (sky130_fd_sc_hd__clkbuf_16)
   0.27    0.51 ^ clkbuf_3_0__f_clk/X (sky130_fd_sc_hd__clkbuf_16)
   0.18    0.69 ^ clkbuf_leaf_56_clk/X (sky130_fd_sc_hd__clkbuf_16)
   0.00    0.69 ^ v3$_DFF_PN0_/CLK (sky130_fd_sc_hd__dfrtp_1)
   0.00    0.69   clock reconvergence pessimism
  -0.03    0.65   library hold time
           0.65   data required time
---------------------------------------------------------
           0.65   data required time
          -1.00   data arrival time
---------------------------------------------------------
           0.35   slack (MET)



==========================================================================
cts final critical path target clock latency max path
--------------------------------------------------------------------------
0

==========================================================================
cts final critical path target clock latency min path
--------------------------------------------------------------------------
0

==========================================================================
cts final critical path source clock latency min path
--------------------------------------------------------------------------
0

==========================================================================
cts final critical path delay
--------------------------------------------------------------------------
10.2817

==========================================================================
cts final critical path slack
--------------------------------------------------------------------------
0.2768

==========================================================================
cts final slack div critical path delay
--------------------------------------------------------------------------
2.692162

==========================================================================
cts final report_power
--------------------------------------------------------------------------
Group                  Internal  Switching    Leakage      Total
                          Power      Power      Power      Power (Watts)
----------------------------------------------------------------
Sequential             7.10e-03   5.45e-04   7.22e-09   7.65e-03   3.2%
Combinational          9.69e-02   1.33e-01   2.42e-08   2.30e-01  95.7%
Clock                  1.60e-03   1.14e-03   1.16e-09   2.75e-03   1.1%
Macro                  0.00e+00   0.00e+00   0.00e+00   0.00e+00   0.0%
Pad                    0.00e+00   0.00e+00   0.00e+00   0.00e+00   0.0%
----------------------------------------------------------------
Total                  1.06e-01   1.35e-01   3.26e-08   2.40e-01 100.0%
                          44.0%      56.0%       0.0%
