
==========================================================================
finish report_tns
--------------------------------------------------------------------------
tns max 0.00

==========================================================================
finish report_wns
--------------------------------------------------------------------------
wns max 0.00

==========================================================================
finish report_worst_slack
--------------------------------------------------------------------------
worst slack max 0.62

==========================================================================
finish report_clock_min_period
--------------------------------------------------------------------------
clk period_min = 9.38 fmax = 106.63

==========================================================================
finish report_clock_skew
--------------------------------------------------------------------------
Clock clk
   0.67 source latency stage3_in_r[73]$_DFF_PN0_/CLK ^
  -0.62 target latency out_flat[92]$_DFF_PN0_/CLK ^
   0.00 CRPR
--------------
   0.05 setup skew


==========================================================================
finish report_checks -path_delay min
--------------------------------------------------------------------------
Startpoint: stage3_in_r[188]$_DFF_PN0_
            (rising edge-triggered flip-flop clocked by clk)
Endpoint: out_flat[187]$_DFF_PN0_
          (rising edge-triggered flip-flop clocked by clk)
Path Group: clk
Path Type: min

Fanout     Cap    Slew   Delay    Time   Description
-----------------------------------------------------------------------------
                          0.00    0.00   clock clk (rise edge)
                          0.00    0.00   clock source latency
     1    0.06    0.00    0.00    0.00 ^ clk (in)
                                         clk (net)
                  0.00    0.00    0.00 ^ clkbuf_0_clk/A (sky130_fd_sc_hd__clkbuf_16)
     8    0.16    0.18    0.21    0.21 ^ clkbuf_0_clk/X (sky130_fd_sc_hd__clkbuf_16)
                                         clknet_0_clk (net)
                  0.18    0.00    0.22 ^ clkbuf_3_3__f_clk/A (sky130_fd_sc_hd__clkbuf_16)
    10    0.11    0.13    0.24    0.46 ^ clkbuf_3_3__f_clk/X (sky130_fd_sc_hd__clkbuf_16)
                                         clknet_3_3__leaf_clk (net)
                  0.13    0.00    0.46 ^ clkbuf_leaf_26_clk/A (sky130_fd_sc_hd__clkbuf_16)
    14    0.04    0.06    0.17    0.63 ^ clkbuf_leaf_26_clk/X (sky130_fd_sc_hd__clkbuf_16)
                                         clknet_leaf_26_clk (net)
                  0.06    0.00    0.63 ^ stage3_in_r[188]$_DFF_PN0_/CLK (sky130_fd_sc_hd__dfrtp_1)
     1    0.00    0.04    0.31    0.95 ^ stage3_in_r[188]$_DFF_PN0_/Q (sky130_fd_sc_hd__dfrtp_1)
                                         stage3_in_r[188] (net)
                  0.04    0.00    0.95 ^ out_flat[187]$_DFF_PN0_/D (sky130_fd_sc_hd__dfrtp_1)
                                  0.95   data arrival time

                          0.00    0.00   clock clk (rise edge)
                          0.00    0.00   clock source latency
     1    0.06    0.00    0.00    0.00 ^ clk (in)
                                         clk (net)
                  0.00    0.00    0.00 ^ clkbuf_0_clk/A (sky130_fd_sc_hd__clkbuf_16)
     8    0.16    0.18    0.21    0.21 ^ clkbuf_0_clk/X (sky130_fd_sc_hd__clkbuf_16)
                                         clknet_0_clk (net)
                  0.18    0.00    0.22 ^ clkbuf_3_3__f_clk/A (sky130_fd_sc_hd__clkbuf_16)
    10    0.11    0.13    0.24    0.46 ^ clkbuf_3_3__f_clk/X (sky130_fd_sc_hd__clkbuf_16)
                                         clknet_3_3__leaf_clk (net)
                  0.13    0.00    0.46 ^ clkbuf_leaf_27_clk/A (sky130_fd_sc_hd__clkbuf_16)
    13    0.04    0.06    0.17    0.63 ^ clkbuf_leaf_27_clk/X (sky130_fd_sc_hd__clkbuf_16)
                                         clknet_leaf_27_clk (net)
                  0.06    0.00    0.64 ^ out_flat[187]$_DFF_PN0_/CLK (sky130_fd_sc_hd__dfrtp_1)
                          0.00    0.64   clock reconvergence pessimism
                         -0.03    0.60   library hold time
                                  0.60   data required time
-----------------------------------------------------------------------------
                                  0.60   data required time
                                 -0.95   data arrival time
-----------------------------------------------------------------------------
                                  0.34   slack (MET)



==========================================================================
finish report_checks -path_delay max
--------------------------------------------------------------------------
Startpoint: stage3_in_r[83]$_DFF_PN0_
            (rising edge-triggered flip-flop clocked by clk)
Endpoint: out_flat[207]$_DFF_PN0_
          (rising edge-triggered flip-flop clocked by clk)
Path Group: clk
Path Type: max

Fanout     Cap    Slew   Delay    Time   Description
-----------------------------------------------------------------------------
                          0.00    0.00   clock clk (rise edge)
                          0.00    0.00   clock source latency
     1    0.06    0.00    0.00    0.00 ^ clk (in)
                                         clk (net)
                  0.00    0.00    0.00 ^ clkbuf_0_clk/A (sky130_fd_sc_hd__clkbuf_16)
     8    0.16    0.18    0.21    0.21 ^ clkbuf_0_clk/X (sky130_fd_sc_hd__clkbuf_16)
                                         clknet_0_clk (net)
                  0.18    0.00    0.22 ^ clkbuf_3_3__f_clk/A (sky130_fd_sc_hd__clkbuf_16)
    10    0.11    0.13    0.24    0.46 ^ clkbuf_3_3__f_clk/X (sky130_fd_sc_hd__clkbuf_16)
                                         clknet_3_3__leaf_clk (net)
                  0.13    0.00    0.46 ^ clkbuf_leaf_11_clk/A (sky130_fd_sc_hd__clkbuf_16)
    13    0.04    0.06    0.17    0.63 ^ clkbuf_leaf_11_clk/X (sky130_fd_sc_hd__clkbuf_16)
                                         clknet_leaf_11_clk (net)
                  0.06    0.00    0.63 ^ stage3_in_r[83]$_DFF_PN0_/CLK (sky130_fd_sc_hd__dfrtp_1)
     2    0.01    0.05    0.38    1.01 v stage3_in_r[83]$_DFF_PN0_/Q (sky130_fd_sc_hd__dfrtp_1)
                                         stage3_in_r[19] (net)
                  0.05    0.00    1.01 v place444/A (sky130_fd_sc_hd__buf_4)
    10    0.05    0.08    0.19    1.20 v place444/X (sky130_fd_sc_hd__buf_4)
                                         net443 (net)
                  0.08    0.00    1.20 v _09738_/B (sky130_fd_sc_hd__fa_1)
     2    0.01    0.08    0.53    1.73 ^ _09738_/SUM (sky130_fd_sc_hd__fa_1)
                                         _00104_ (net)
                  0.08    0.00    1.73 ^ _07241_/A (sky130_fd_sc_hd__inv_1)
     1    0.01    0.04    0.06    1.79 v _07241_/Y (sky130_fd_sc_hd__inv_1)
                                         _00112_ (net)
                  0.04    0.00    1.79 v _09741_/B (sky130_fd_sc_hd__fa_1)
     1    0.00    0.06    0.50    2.29 ^ _09741_/SUM (sky130_fd_sc_hd__fa_1)
                                         _00114_ (net)
                  0.06    0.00    2.29 ^ _07208_/A (sky130_fd_sc_hd__inv_1)
     1    0.00    0.02    0.04    2.33 v _07208_/Y (sky130_fd_sc_hd__inv_1)
                                         _01176_ (net)
                  0.02    0.00    2.33 v _10173_/B (sky130_fd_sc_hd__ha_1)
     1    0.00    0.05    0.17    2.50 v _10173_/COUT (sky130_fd_sc_hd__ha_1)
                                         _05522_ (net)
                  0.05    0.00    2.50 v _10174_/A (sky130_fd_sc_hd__ha_1)
     1    0.00    0.04    0.27    2.77 ^ _10174_/SUM (sky130_fd_sc_hd__ha_1)
                                         _01177_ (net)
                  0.04    0.00    2.77 ^ _07061_/A (sky130_fd_sc_hd__inv_1)
     1    0.01    0.04    0.05    2.82 v _07061_/Y (sky130_fd_sc_hd__inv_1)
                                         _00117_ (net)
                  0.04    0.00    2.82 v _09744_/A (sky130_fd_sc_hd__fa_1)
     1    0.00    0.05    0.52    3.35 ^ _09744_/SUM (sky130_fd_sc_hd__fa_1)
                                         _00121_ (net)
                  0.05    0.00    3.35 ^ _07733_/A (sky130_fd_sc_hd__inv_1)
     1    0.01    0.03    0.05    3.39 v _07733_/Y (sky130_fd_sc_hd__inv_1)
                                         _00122_ (net)
                  0.03    0.00    3.39 v _09747_/CIN (sky130_fd_sc_hd__fa_1)
     1    0.00    0.08    0.43    3.82 v _09747_/SUM (sky130_fd_sc_hd__fa_1)
                                         _04976_ (net)
                  0.08    0.00    3.82 v _10183_/B (sky130_fd_sc_hd__ha_1)
     4    0.02    0.11    0.35    4.17 v _10183_/SUM (sky130_fd_sc_hd__ha_1)
                                         _01189_ (net)
                  0.11    0.00    4.17 v _06104_/A (sky130_fd_sc_hd__and2_1)
     2    0.01    0.06    0.19    4.36 v _06104_/X (sky130_fd_sc_hd__and2_1)
                                         _02932_ (net)
                  0.06    0.00    4.36 v _06105_/B2 (sky130_fd_sc_hd__a221oi_2)
     2    0.01    0.27    0.30    4.66 ^ _06105_/Y (sky130_fd_sc_hd__a221oi_2)
                                         _02933_ (net)
                  0.27    0.00    4.66 ^ _06111_/A (sky130_fd_sc_hd__nand2_1)
     3    0.01    0.12    0.16    4.82 v _06111_/Y (sky130_fd_sc_hd__nand2_1)
                                         _02939_ (net)
                  0.12    0.00    4.82 v _07824_/B (sky130_fd_sc_hd__xor2_1)
     3    0.01    0.29    0.29    5.10 ^ _07824_/X (sky130_fd_sc_hd__xor2_1)
                                         _01625_ (net)
                  0.29    0.00    5.11 ^ _10527_/B (sky130_fd_sc_hd__ha_1)
     2    0.01    0.07    0.30    5.41 v _10527_/SUM (sky130_fd_sc_hd__ha_1)
                                         _01866_ (net)
                  0.07    0.00    5.41 v _06609_/B (sky130_fd_sc_hd__nand2_1)
     1    0.00    0.04    0.07    5.48 ^ _06609_/Y (sky130_fd_sc_hd__nand2_1)
                                         _03284_ (net)
                  0.04    0.00    5.48 ^ _06612_/A1 (sky130_fd_sc_hd__o21ai_1)
     2    0.01    0.10    0.10    5.58 v _06612_/Y (sky130_fd_sc_hd__o21ai_1)
                                         _03287_ (net)
                  0.10    0.00    5.58 v _06617_/B1 (sky130_fd_sc_hd__a2111oi_2)
     1    0.00    0.26    0.34    5.92 ^ _06617_/Y (sky130_fd_sc_hd__a2111oi_2)
                                         _03292_ (net)
                  0.26    0.00    5.92 ^ _06621_/A2 (sky130_fd_sc_hd__a21oi_1)
     2    0.01    0.10    0.14    6.06 v _06621_/Y (sky130_fd_sc_hd__a21oi_1)
                                         _03296_ (net)
                  0.10    0.00    6.06 v _06629_/A3 (sky130_fd_sc_hd__a31o_1)
     3    0.01    0.06    0.26    6.32 v _06629_/X (sky130_fd_sc_hd__a31o_1)
                                         _03304_ (net)
                  0.06    0.00    6.32 v _06630_/A3 (sky130_fd_sc_hd__a31o_2)
     4    0.03    0.10    0.32    6.64 v _06630_/X (sky130_fd_sc_hd__a31o_2)
                                         _03305_ (net)
                  0.10    0.00    6.64 v _06643_/A1 (sky130_fd_sc_hd__a21o_1)
     2    0.01    0.06    0.20    6.84 v _06643_/X (sky130_fd_sc_hd__a21o_1)
                                         _03314_ (net)
                  0.06    0.00    6.84 v _06659_/B (sky130_fd_sc_hd__maj3_1)
     1    0.00    0.07    0.34    7.18 v _06659_/X (sky130_fd_sc_hd__maj3_1)
                                         _03327_ (net)
                  0.07    0.00    7.18 v _06672_/A (sky130_fd_sc_hd__xor2_1)
     2    0.01    0.08    0.19    7.36 v _06672_/X (sky130_fd_sc_hd__xor2_1)
                                         _01977_ (net)
                  0.08    0.00    7.36 v _10609_/B (sky130_fd_sc_hd__ha_1)
     2    0.01    0.07    0.30    7.66 ^ _10609_/SUM (sky130_fd_sc_hd__ha_1)
                                         _01979_ (net)
                  0.07    0.00    7.66 ^ _09200_/B1 (sky130_fd_sc_hd__o21ai_0)
     2    0.01    0.09    0.11    7.77 v _09200_/Y (sky130_fd_sc_hd__o21ai_0)
                                         _04534_ (net)
                  0.09    0.00    7.77 v _09201_/A2 (sky130_fd_sc_hd__a21oi_1)
     2    0.01    0.17    0.21    7.98 ^ _09201_/Y (sky130_fd_sc_hd__a21oi_1)
                                         _04535_ (net)
                  0.17    0.00    7.98 ^ _09202_/A2 (sky130_fd_sc_hd__o21ai_0)
     2    0.01    0.12    0.14    8.13 v _09202_/Y (sky130_fd_sc_hd__o21ai_0)
                                         _04536_ (net)
                  0.12    0.00    8.13 v _09203_/A2 (sky130_fd_sc_hd__a21oi_1)
     2    0.01    0.20    0.24    8.36 ^ _09203_/Y (sky130_fd_sc_hd__a21oi_1)
                                         _04537_ (net)
                  0.20    0.00    8.36 ^ _09204_/A2 (sky130_fd_sc_hd__o21ai_1)
     2    0.01    0.11    0.12    8.48 v _09204_/Y (sky130_fd_sc_hd__o21ai_1)
                                         _04538_ (net)
                  0.11    0.00    8.48 v _09205_/A1 (sky130_fd_sc_hd__a21oi_1)
     2    0.01    0.18    0.20    8.68 ^ _09205_/Y (sky130_fd_sc_hd__a21oi_1)
                                         _04539_ (net)
                  0.18    0.00    8.68 ^ _09206_/A2 (sky130_fd_sc_hd__o21ai_1)
     2    0.01    0.11    0.12    8.81 v _09206_/Y (sky130_fd_sc_hd__o21ai_1)
                                         _04540_ (net)
                  0.11    0.00    8.81 v _09207_/A2 (sky130_fd_sc_hd__a21oi_1)
     2    0.01    0.16    0.21    9.01 ^ _09207_/Y (sky130_fd_sc_hd__a21oi_1)
                                         _04541_ (net)
                  0.16    0.00    9.01 ^ _09224_/A2 (sky130_fd_sc_hd__o21ai_0)
     2    0.01    0.11    0.12    9.13 v _09224_/Y (sky130_fd_sc_hd__o21ai_0)
                                         _04556_ (net)
                  0.11    0.00    9.13 v _09225_/A1 (sky130_fd_sc_hd__a21oi_1)
     2    0.01    0.19    0.21    9.34 ^ _09225_/Y (sky130_fd_sc_hd__a21oi_1)
                                         _04557_ (net)
                  0.19    0.00    9.34 ^ _09232_/A2 (sky130_fd_sc_hd__o21a_1)
     1    0.00    0.05    0.14    9.48 ^ _09232_/X (sky130_fd_sc_hd__o21a_1)
                                         _04562_ (net)
                  0.05    0.00    9.48 ^ _09233_/B (sky130_fd_sc_hd__nor2_1)
     2    0.01    0.04    0.05    9.53 v _09233_/Y (sky130_fd_sc_hd__nor2_1)
                                         _04563_ (net)
                  0.04    0.00    9.53 v _09241_/A_N (sky130_fd_sc_hd__nand2b_1)
     1    0.00    0.05    0.13    9.67 v _09241_/Y (sky130_fd_sc_hd__nand2b_1)
                                         _04569_ (net)
                  0.05    0.00    9.67 v _09244_/A2 (sky130_fd_sc_hd__a31o_2)
     1    0.00    0.04    0.23    9.90 v _09244_/X (sky130_fd_sc_hd__a31o_2)
                                         stage3_out[207] (net)
                  0.04    0.00    9.90 v out_flat[207]$_DFF_PN0_/D (sky130_fd_sc_hd__dfrtp_1)
                                  9.90   data arrival time

                         10.00   10.00   clock clk (rise edge)
                          0.00   10.00   clock source latency
     1    0.06    0.00    0.00   10.00 ^ clk (in)
                                         clk (net)
                  0.00    0.00   10.00 ^ clkbuf_0_clk/A (sky130_fd_sc_hd__clkbuf_16)
     8    0.16    0.18    0.21   10.21 ^ clkbuf_0_clk/X (sky130_fd_sc_hd__clkbuf_16)
                                         clknet_0_clk (net)
                  0.18    0.00   10.22 ^ clkbuf_3_5__f_clk/A (sky130_fd_sc_hd__clkbuf_16)
     9    0.11    0.12    0.24   10.46 ^ clkbuf_3_5__f_clk/X (sky130_fd_sc_hd__clkbuf_16)
                                         clknet_3_5__leaf_clk (net)
                  0.12    0.00   10.46 ^ clkbuf_leaf_41_clk/A (sky130_fd_sc_hd__clkbuf_16)
    12    0.04    0.06    0.17   10.63 ^ clkbuf_leaf_41_clk/X (sky130_fd_sc_hd__clkbuf_16)
                                         clknet_leaf_41_clk (net)
                  0.06    0.00   10.63 ^ out_flat[207]$_DFF_PN0_/CLK (sky130_fd_sc_hd__dfrtp_1)
                          0.00   10.63   clock reconvergence pessimism
                         -0.11   10.52   library setup time
                                 10.52   data required time
-----------------------------------------------------------------------------
                                 10.52   data required time
                                 -9.90   data arrival time
-----------------------------------------------------------------------------
                                  0.62   slack (MET)



==========================================================================
finish report_checks -unconstrained
--------------------------------------------------------------------------
Startpoint: stage3_in_r[83]$_DFF_PN0_
            (rising edge-triggered flip-flop clocked by clk)
Endpoint: out_flat[207]$_DFF_PN0_
          (rising edge-triggered flip-flop clocked by clk)
Path Group: clk
Path Type: max

Fanout     Cap    Slew   Delay    Time   Description
-----------------------------------------------------------------------------
                          0.00    0.00   clock clk (rise edge)
                          0.00    0.00   clock source latency
     1    0.06    0.00    0.00    0.00 ^ clk (in)
                                         clk (net)
                  0.00    0.00    0.00 ^ clkbuf_0_clk/A (sky130_fd_sc_hd__clkbuf_16)
     8    0.16    0.18    0.21    0.21 ^ clkbuf_0_clk/X (sky130_fd_sc_hd__clkbuf_16)
                                         clknet_0_clk (net)
                  0.18    0.00    0.22 ^ clkbuf_3_3__f_clk/A (sky130_fd_sc_hd__clkbuf_16)
    10    0.11    0.13    0.24    0.46 ^ clkbuf_3_3__f_clk/X (sky130_fd_sc_hd__clkbuf_16)
                                         clknet_3_3__leaf_clk (net)
                  0.13    0.00    0.46 ^ clkbuf_leaf_11_clk/A (sky130_fd_sc_hd__clkbuf_16)
    13    0.04    0.06    0.17    0.63 ^ clkbuf_leaf_11_clk/X (sky130_fd_sc_hd__clkbuf_16)
                                         clknet_leaf_11_clk (net)
                  0.06    0.00    0.63 ^ stage3_in_r[83]$_DFF_PN0_/CLK (sky130_fd_sc_hd__dfrtp_1)
     2    0.01    0.05    0.38    1.01 v stage3_in_r[83]$_DFF_PN0_/Q (sky130_fd_sc_hd__dfrtp_1)
                                         stage3_in_r[19] (net)
                  0.05    0.00    1.01 v place444/A (sky130_fd_sc_hd__buf_4)
    10    0.05    0.08    0.19    1.20 v place444/X (sky130_fd_sc_hd__buf_4)
                                         net443 (net)
                  0.08    0.00    1.20 v _09738_/B (sky130_fd_sc_hd__fa_1)
     2    0.01    0.08    0.53    1.73 ^ _09738_/SUM (sky130_fd_sc_hd__fa_1)
                                         _00104_ (net)
                  0.08    0.00    1.73 ^ _07241_/A (sky130_fd_sc_hd__inv_1)
     1    0.01    0.04    0.06    1.79 v _07241_/Y (sky130_fd_sc_hd__inv_1)
                                         _00112_ (net)
                  0.04    0.00    1.79 v _09741_/B (sky130_fd_sc_hd__fa_1)
     1    0.00    0.06    0.50    2.29 ^ _09741_/SUM (sky130_fd_sc_hd__fa_1)
                                         _00114_ (net)
                  0.06    0.00    2.29 ^ _07208_/A (sky130_fd_sc_hd__inv_1)
     1    0.00    0.02    0.04    2.33 v _07208_/Y (sky130_fd_sc_hd__inv_1)
                                         _01176_ (net)
                  0.02    0.00    2.33 v _10173_/B (sky130_fd_sc_hd__ha_1)
     1    0.00    0.05    0.17    2.50 v _10173_/COUT (sky130_fd_sc_hd__ha_1)
                                         _05522_ (net)
                  0.05    0.00    2.50 v _10174_/A (sky130_fd_sc_hd__ha_1)
     1    0.00    0.04    0.27    2.77 ^ _10174_/SUM (sky130_fd_sc_hd__ha_1)
                                         _01177_ (net)
                  0.04    0.00    2.77 ^ _07061_/A (sky130_fd_sc_hd__inv_1)
     1    0.01    0.04    0.05    2.82 v _07061_/Y (sky130_fd_sc_hd__inv_1)
                                         _00117_ (net)
                  0.04    0.00    2.82 v _09744_/A (sky130_fd_sc_hd__fa_1)
     1    0.00    0.05    0.52    3.35 ^ _09744_/SUM (sky130_fd_sc_hd__fa_1)
                                         _00121_ (net)
                  0.05    0.00    3.35 ^ _07733_/A (sky130_fd_sc_hd__inv_1)
     1    0.01    0.03    0.05    3.39 v _07733_/Y (sky130_fd_sc_hd__inv_1)
                                         _00122_ (net)
                  0.03    0.00    3.39 v _09747_/CIN (sky130_fd_sc_hd__fa_1)
     1    0.00    0.08    0.43    3.82 v _09747_/SUM (sky130_fd_sc_hd__fa_1)
                                         _04976_ (net)
                  0.08    0.00    3.82 v _10183_/B (sky130_fd_sc_hd__ha_1)
     4    0.02    0.11    0.35    4.17 v _10183_/SUM (sky130_fd_sc_hd__ha_1)
                                         _01189_ (net)
                  0.11    0.00    4.17 v _06104_/A (sky130_fd_sc_hd__and2_1)
     2    0.01    0.06    0.19    4.36 v _06104_/X (sky130_fd_sc_hd__and2_1)
                                         _02932_ (net)
                  0.06    0.00    4.36 v _06105_/B2 (sky130_fd_sc_hd__a221oi_2)
     2    0.01    0.27    0.30    4.66 ^ _06105_/Y (sky130_fd_sc_hd__a221oi_2)
                                         _02933_ (net)
                  0.27    0.00    4.66 ^ _06111_/A (sky130_fd_sc_hd__nand2_1)
     3    0.01    0.12    0.16    4.82 v _06111_/Y (sky130_fd_sc_hd__nand2_1)
                                         _02939_ (net)
                  0.12    0.00    4.82 v _07824_/B (sky130_fd_sc_hd__xor2_1)
     3    0.01    0.29    0.29    5.10 ^ _07824_/X (sky130_fd_sc_hd__xor2_1)
                                         _01625_ (net)
                  0.29    0.00    5.11 ^ _10527_/B (sky130_fd_sc_hd__ha_1)
     2    0.01    0.07    0.30    5.41 v _10527_/SUM (sky130_fd_sc_hd__ha_1)
                                         _01866_ (net)
                  0.07    0.00    5.41 v _06609_/B (sky130_fd_sc_hd__nand2_1)
     1    0.00    0.04    0.07    5.48 ^ _06609_/Y (sky130_fd_sc_hd__nand2_1)
                                         _03284_ (net)
                  0.04    0.00    5.48 ^ _06612_/A1 (sky130_fd_sc_hd__o21ai_1)
     2    0.01    0.10    0.10    5.58 v _06612_/Y (sky130_fd_sc_hd__o21ai_1)
                                         _03287_ (net)
                  0.10    0.00    5.58 v _06617_/B1 (sky130_fd_sc_hd__a2111oi_2)
     1    0.00    0.26    0.34    5.92 ^ _06617_/Y (sky130_fd_sc_hd__a2111oi_2)
                                         _03292_ (net)
                  0.26    0.00    5.92 ^ _06621_/A2 (sky130_fd_sc_hd__a21oi_1)
     2    0.01    0.10    0.14    6.06 v _06621_/Y (sky130_fd_sc_hd__a21oi_1)
                                         _03296_ (net)
                  0.10    0.00    6.06 v _06629_/A3 (sky130_fd_sc_hd__a31o_1)
     3    0.01    0.06    0.26    6.32 v _06629_/X (sky130_fd_sc_hd__a31o_1)
                                         _03304_ (net)
                  0.06    0.00    6.32 v _06630_/A3 (sky130_fd_sc_hd__a31o_2)
     4    0.03    0.10    0.32    6.64 v _06630_/X (sky130_fd_sc_hd__a31o_2)
                                         _03305_ (net)
                  0.10    0.00    6.64 v _06643_/A1 (sky130_fd_sc_hd__a21o_1)
     2    0.01    0.06    0.20    6.84 v _06643_/X (sky130_fd_sc_hd__a21o_1)
                                         _03314_ (net)
                  0.06    0.00    6.84 v _06659_/B (sky130_fd_sc_hd__maj3_1)
     1    0.00    0.07    0.34    7.18 v _06659_/X (sky130_fd_sc_hd__maj3_1)
                                         _03327_ (net)
                  0.07    0.00    7.18 v _06672_/A (sky130_fd_sc_hd__xor2_1)
     2    0.01    0.08    0.19    7.36 v _06672_/X (sky130_fd_sc_hd__xor2_1)
                                         _01977_ (net)
                  0.08    0.00    7.36 v _10609_/B (sky130_fd_sc_hd__ha_1)
     2    0.01    0.07    0.30    7.66 ^ _10609_/SUM (sky130_fd_sc_hd__ha_1)
                                         _01979_ (net)
                  0.07    0.00    7.66 ^ _09200_/B1 (sky130_fd_sc_hd__o21ai_0)
     2    0.01    0.09    0.11    7.77 v _09200_/Y (sky130_fd_sc_hd__o21ai_0)
                                         _04534_ (net)
                  0.09    0.00    7.77 v _09201_/A2 (sky130_fd_sc_hd__a21oi_1)
     2    0.01    0.17    0.21    7.98 ^ _09201_/Y (sky130_fd_sc_hd__a21oi_1)
                                         _04535_ (net)
                  0.17    0.00    7.98 ^ _09202_/A2 (sky130_fd_sc_hd__o21ai_0)
     2    0.01    0.12    0.14    8.13 v _09202_/Y (sky130_fd_sc_hd__o21ai_0)
                                         _04536_ (net)
                  0.12    0.00    8.13 v _09203_/A2 (sky130_fd_sc_hd__a21oi_1)
     2    0.01    0.20    0.24    8.36 ^ _09203_/Y (sky130_fd_sc_hd__a21oi_1)
                                         _04537_ (net)
                  0.20    0.00    8.36 ^ _09204_/A2 (sky130_fd_sc_hd__o21ai_1)
     2    0.01    0.11    0.12    8.48 v _09204_/Y (sky130_fd_sc_hd__o21ai_1)
                                         _04538_ (net)
                  0.11    0.00    8.48 v _09205_/A1 (sky130_fd_sc_hd__a21oi_1)
     2    0.01    0.18    0.20    8.68 ^ _09205_/Y (sky130_fd_sc_hd__a21oi_1)
                                         _04539_ (net)
                  0.18    0.00    8.68 ^ _09206_/A2 (sky130_fd_sc_hd__o21ai_1)
     2    0.01    0.11    0.12    8.81 v _09206_/Y (sky130_fd_sc_hd__o21ai_1)
                                         _04540_ (net)
                  0.11    0.00    8.81 v _09207_/A2 (sky130_fd_sc_hd__a21oi_1)
     2    0.01    0.16    0.21    9.01 ^ _09207_/Y (sky130_fd_sc_hd__a21oi_1)
                                         _04541_ (net)
                  0.16    0.00    9.01 ^ _09224_/A2 (sky130_fd_sc_hd__o21ai_0)
     2    0.01    0.11    0.12    9.13 v _09224_/Y (sky130_fd_sc_hd__o21ai_0)
                                         _04556_ (net)
                  0.11    0.00    9.13 v _09225_/A1 (sky130_fd_sc_hd__a21oi_1)
     2    0.01    0.19    0.21    9.34 ^ _09225_/Y (sky130_fd_sc_hd__a21oi_1)
                                         _04557_ (net)
                  0.19    0.00    9.34 ^ _09232_/A2 (sky130_fd_sc_hd__o21a_1)
     1    0.00    0.05    0.14    9.48 ^ _09232_/X (sky130_fd_sc_hd__o21a_1)
                                         _04562_ (net)
                  0.05    0.00    9.48 ^ _09233_/B (sky130_fd_sc_hd__nor2_1)
     2    0.01    0.04    0.05    9.53 v _09233_/Y (sky130_fd_sc_hd__nor2_1)
                                         _04563_ (net)
                  0.04    0.00    9.53 v _09241_/A_N (sky130_fd_sc_hd__nand2b_1)
     1    0.00    0.05    0.13    9.67 v _09241_/Y (sky130_fd_sc_hd__nand2b_1)
                                         _04569_ (net)
                  0.05    0.00    9.67 v _09244_/A2 (sky130_fd_sc_hd__a31o_2)
     1    0.00    0.04    0.23    9.90 v _09244_/X (sky130_fd_sc_hd__a31o_2)
                                         stage3_out[207] (net)
                  0.04    0.00    9.90 v out_flat[207]$_DFF_PN0_/D (sky130_fd_sc_hd__dfrtp_1)
                                  9.90   data arrival time

                         10.00   10.00   clock clk (rise edge)
                          0.00   10.00   clock source latency
     1    0.06    0.00    0.00   10.00 ^ clk (in)
                                         clk (net)
                  0.00    0.00   10.00 ^ clkbuf_0_clk/A (sky130_fd_sc_hd__clkbuf_16)
     8    0.16    0.18    0.21   10.21 ^ clkbuf_0_clk/X (sky130_fd_sc_hd__clkbuf_16)
                                         clknet_0_clk (net)
                  0.18    0.00   10.22 ^ clkbuf_3_5__f_clk/A (sky130_fd_sc_hd__clkbuf_16)
     9    0.11    0.12    0.24   10.46 ^ clkbuf_3_5__f_clk/X (sky130_fd_sc_hd__clkbuf_16)
                                         clknet_3_5__leaf_clk (net)
                  0.12    0.00   10.46 ^ clkbuf_leaf_41_clk/A (sky130_fd_sc_hd__clkbuf_16)
    12    0.04    0.06    0.17   10.63 ^ clkbuf_leaf_41_clk/X (sky130_fd_sc_hd__clkbuf_16)
                                         clknet_leaf_41_clk (net)
                  0.06    0.00   10.63 ^ out_flat[207]$_DFF_PN0_/CLK (sky130_fd_sc_hd__dfrtp_1)
                          0.00   10.63   clock reconvergence pessimism
                         -0.11   10.52   library setup time
                                 10.52   data required time
-----------------------------------------------------------------------------
                                 10.52   data required time
                                 -9.90   data arrival time
-----------------------------------------------------------------------------
                                  0.62   slack (MET)



==========================================================================
finish report_check_types -max_slew -max_cap -max_fanout -violators
--------------------------------------------------------------------------

==========================================================================
finish max_slew_check_slack
--------------------------------------------------------------------------
0.5692708492279053

==========================================================================
finish max_slew_check_limit
--------------------------------------------------------------------------
1.4892979860305786

==========================================================================
finish max_slew_check_slack_limit
--------------------------------------------------------------------------
0.3822

==========================================================================
finish max_fanout_check_slack
--------------------------------------------------------------------------
1.0000000150474662e+30

==========================================================================
finish max_fanout_check_limit
--------------------------------------------------------------------------
1.0000000150474662e+30

==========================================================================
finish max_capacitance_check_slack
--------------------------------------------------------------------------
0.012317688204348087

==========================================================================
finish max_capacitance_check_limit
--------------------------------------------------------------------------
0.021067000925540924

==========================================================================
finish max_capacitance_check_slack_limit
--------------------------------------------------------------------------
0.5847

==========================================================================
finish max_slew_violation_count
--------------------------------------------------------------------------
max slew violation count 0

==========================================================================
finish max_fanout_violation_count
--------------------------------------------------------------------------
max fanout violation count 0

==========================================================================
finish max_cap_violation_count
--------------------------------------------------------------------------
max cap violation count 0

==========================================================================
finish setup_violation_count
--------------------------------------------------------------------------
setup violation count 0

==========================================================================
finish hold_violation_count
--------------------------------------------------------------------------
hold violation count 0

==========================================================================
finish report_checks -path_delay max reg to reg
--------------------------------------------------------------------------
Startpoint: stage3_in_r[83]$_DFF_PN0_
            (rising edge-triggered flip-flop clocked by clk)
Endpoint: out_flat[207]$_DFF_PN0_
          (rising edge-triggered flip-flop clocked by clk)
Path Group: clk
Path Type: max

  Delay    Time   Description
---------------------------------------------------------
   0.00    0.00   clock clk (rise edge)
   0.00    0.00   clock source latency
   0.00    0.00 ^ clk (in)
   0.21    0.21 ^ clkbuf_0_clk/X (sky130_fd_sc_hd__clkbuf_16)
   0.25    0.46 ^ clkbuf_3_3__f_clk/X (sky130_fd_sc_hd__clkbuf_16)
   0.17    0.63 ^ clkbuf_leaf_11_clk/X (sky130_fd_sc_hd__clkbuf_16)
   0.00    0.63 ^ stage3_in_r[83]$_DFF_PN0_/CLK (sky130_fd_sc_hd__dfrtp_1)
   0.38    1.01 v stage3_in_r[83]$_DFF_PN0_/Q (sky130_fd_sc_hd__dfrtp_1)
   0.19    1.20 v place444/X (sky130_fd_sc_hd__buf_4)
   0.53    1.73 ^ _09738_/SUM (sky130_fd_sc_hd__fa_1)
   0.06    1.79 v _07241_/Y (sky130_fd_sc_hd__inv_1)
   0.50    2.29 ^ _09741_/SUM (sky130_fd_sc_hd__fa_1)
   0.04    2.33 v _07208_/Y (sky130_fd_sc_hd__inv_1)
   0.17    2.50 v _10173_/COUT (sky130_fd_sc_hd__ha_1)
   0.27    2.77 ^ _10174_/SUM (sky130_fd_sc_hd__ha_1)
   0.05    2.82 v _07061_/Y (sky130_fd_sc_hd__inv_1)
   0.52    3.35 ^ _09744_/SUM (sky130_fd_sc_hd__fa_1)
   0.05    3.39 v _07733_/Y (sky130_fd_sc_hd__inv_1)
   0.43    3.82 v _09747_/SUM (sky130_fd_sc_hd__fa_1)
   0.35    4.17 v _10183_/SUM (sky130_fd_sc_hd__ha_1)
   0.19    4.36 v _06104_/X (sky130_fd_sc_hd__and2_1)
   0.30    4.66 ^ _06105_/Y (sky130_fd_sc_hd__a221oi_2)
   0.16    4.82 v _06111_/Y (sky130_fd_sc_hd__nand2_1)
   0.29    5.10 ^ _07824_/X (sky130_fd_sc_hd__xor2_1)
   0.31    5.41 v _10527_/SUM (sky130_fd_sc_hd__ha_1)
   0.07    5.48 ^ _06609_/Y (sky130_fd_sc_hd__nand2_1)
   0.10    5.58 v _06612_/Y (sky130_fd_sc_hd__o21ai_1)
   0.34    5.92 ^ _06617_/Y (sky130_fd_sc_hd__a2111oi_2)
   0.14    6.06 v _06621_/Y (sky130_fd_sc_hd__a21oi_1)
   0.26    6.32 v _06629_/X (sky130_fd_sc_hd__a31o_1)
   0.32    6.64 v _06630_/X (sky130_fd_sc_hd__a31o_2)
   0.20    6.84 v _06643_/X (sky130_fd_sc_hd__a21o_1)
   0.34    7.18 v _06659_/X (sky130_fd_sc_hd__maj3_1)
   0.19    7.36 v _06672_/X (sky130_fd_sc_hd__xor2_1)
   0.30    7.66 ^ _10609_/SUM (sky130_fd_sc_hd__ha_1)
   0.11    7.77 v _09200_/Y (sky130_fd_sc_hd__o21ai_0)
   0.21    7.98 ^ _09201_/Y (sky130_fd_sc_hd__a21oi_1)
   0.15    8.13 v _09202_/Y (sky130_fd_sc_hd__o21ai_0)
   0.24    8.36 ^ _09203_/Y (sky130_fd_sc_hd__a21oi_1)
   0.12    8.48 v _09204_/Y (sky130_fd_sc_hd__o21ai_1)
   0.20    8.68 ^ _09205_/Y (sky130_fd_sc_hd__a21oi_1)
   0.12    8.81 v _09206_/Y (sky130_fd_sc_hd__o21ai_1)
   0.21    9.01 ^ _09207_/Y (sky130_fd_sc_hd__a21oi_1)
   0.12    9.13 v _09224_/Y (sky130_fd_sc_hd__o21ai_0)
   0.21    9.34 ^ _09225_/Y (sky130_fd_sc_hd__a21oi_1)
   0.14    9.48 ^ _09232_/X (sky130_fd_sc_hd__o21a_1)
   0.05    9.53 v _09233_/Y (sky130_fd_sc_hd__nor2_1)
   0.13    9.67 v _09241_/Y (sky130_fd_sc_hd__nand2b_1)
   0.23    9.90 v _09244_/X (sky130_fd_sc_hd__a31o_2)
   0.00    9.90 v out_flat[207]$_DFF_PN0_/D (sky130_fd_sc_hd__dfrtp_1)
           9.90   data arrival time

  10.00   10.00   clock clk (rise edge)
   0.00   10.00   clock source latency
   0.00   10.00 ^ clk (in)
   0.21   10.21 ^ clkbuf_0_clk/X (sky130_fd_sc_hd__clkbuf_16)
   0.24   10.46 ^ clkbuf_3_5__f_clk/X (sky130_fd_sc_hd__clkbuf_16)
   0.17   10.63 ^ clkbuf_leaf_41_clk/X (sky130_fd_sc_hd__clkbuf_16)
   0.00   10.63 ^ out_flat[207]$_DFF_PN0_/CLK (sky130_fd_sc_hd__dfrtp_1)
   0.00   10.63   clock reconvergence pessimism
  -0.11   10.52   library setup time
          10.52   data required time
---------------------------------------------------------
          10.52   data required time
          -9.90   data arrival time
---------------------------------------------------------
           0.62   slack (MET)



==========================================================================
finish report_checks -path_delay min reg to reg
--------------------------------------------------------------------------
Startpoint: stage3_in_r[188]$_DFF_PN0_
            (rising edge-triggered flip-flop clocked by clk)
Endpoint: out_flat[187]$_DFF_PN0_
          (rising edge-triggered flip-flop clocked by clk)
Path Group: clk
Path Type: min

  Delay    Time   Description
---------------------------------------------------------
   0.00    0.00   clock clk (rise edge)
   0.00    0.00   clock source latency
   0.00    0.00 ^ clk (in)
   0.21    0.21 ^ clkbuf_0_clk/X (sky130_fd_sc_hd__clkbuf_16)
   0.25    0.46 ^ clkbuf_3_3__f_clk/X (sky130_fd_sc_hd__clkbuf_16)
   0.17    0.63 ^ clkbuf_leaf_26_clk/X (sky130_fd_sc_hd__clkbuf_16)
   0.00    0.63 ^ stage3_in_r[188]$_DFF_PN0_/CLK (sky130_fd_sc_hd__dfrtp_1)
   0.31    0.95 ^ stage3_in_r[188]$_DFF_PN0_/Q (sky130_fd_sc_hd__dfrtp_1)
   0.00    0.95 ^ out_flat[187]$_DFF_PN0_/D (sky130_fd_sc_hd__dfrtp_1)
           0.95   data arrival time

   0.00    0.00   clock clk (rise edge)
   0.00    0.00   clock source latency
   0.00    0.00 ^ clk (in)
   0.21    0.21 ^ clkbuf_0_clk/X (sky130_fd_sc_hd__clkbuf_16)
   0.25    0.46 ^ clkbuf_3_3__f_clk/X (sky130_fd_sc_hd__clkbuf_16)
   0.17    0.63 ^ clkbuf_leaf_27_clk/X (sky130_fd_sc_hd__clkbuf_16)
   0.00    0.64 ^ out_flat[187]$_DFF_PN0_/CLK (sky130_fd_sc_hd__dfrtp_1)
   0.00    0.64   clock reconvergence pessimism
  -0.03    0.60   library hold time
           0.60   data required time
---------------------------------------------------------
           0.60   data required time
          -0.95   data arrival time
---------------------------------------------------------
           0.34   slack (MET)



==========================================================================
finish critical path target clock latency max path
--------------------------------------------------------------------------
0

==========================================================================
finish critical path target clock latency min path
--------------------------------------------------------------------------
0

==========================================================================
finish critical path source clock latency min path
--------------------------------------------------------------------------
0

==========================================================================
finish critical path delay
--------------------------------------------------------------------------
9.8969

==========================================================================
finish critical path slack
--------------------------------------------------------------------------
0.6219

==========================================================================
finish slack div critical path delay
--------------------------------------------------------------------------
6.283786

==========================================================================
finish report_power
--------------------------------------------------------------------------
Group                  Internal  Switching    Leakage      Total
                          Power      Power      Power      Power (Watts)
----------------------------------------------------------------
Sequential             7.16e-03   5.39e-04   7.22e-09   7.69e-03   3.2%
Combinational          9.87e-02   1.35e-01   2.43e-08   2.34e-01  95.7%
Clock                  1.61e-03   1.08e-03   1.16e-09   2.69e-03   1.1%
Macro                  0.00e+00   0.00e+00   0.00e+00   0.00e+00   0.0%
Pad                    0.00e+00   0.00e+00   0.00e+00   0.00e+00   0.0%
----------------------------------------------------------------
Total                  1.07e-01   1.36e-01   3.26e-08   2.44e-01 100.0%
                          44.1%      55.9%       0.0%
